


materialPath: C:\SteamLibrary\steamapps\common\Counter-Strike Global Offensive\csgo\materials
Loading c:\steamlibrary\steamapps\common\counter-strike global offensive\sdk_content\maps\collab\csgo_map\collab_map.vmf
Map revision 2
fixing up env_cubemap materials on brush sides...
0...1...2...3...4...5...6...7...8...9...100...1...2...3...4...5...6...7...8...9...10Processing areas...done (0)
Building Faces...done (0)
FixTjuncs...
PruneNodes...
WriteBSP...
done (0)
writing c:\steamlibrary\steamapps\common\counter-strike global offensive\sdk_content\maps\collab\csgo_map\collab_map.prt...Building visibility clusters...
AutoVisClustering (threshold=-1) matched 0 leafs.
done (0)
Finding displacement neighbors...
Finding lightmap sample positions...
Displacement Alpha : 0...1...2...3...4...5...6...7...8...9...10
Building Physics collision data...
done (0) (4646 bytes)
Placing detail props : 0...1...2...3...4...5...6...7...8...9...10
Compacting texture/material tables...
Reduced 10 texinfos to 10
Reduced 2 texdatas to 2 (43 bytes to 43)
Writing c:\steamlibrary\steamapps\common\counter-strike global offensive\sdk_content\maps\collab\csgo_map\collab_map.bsp
MSG_FILEWRITE - Filesystem was asked to write to 'c:\steamlibrary\steamapps\common\counter-strike global offensive\sdk_content\maps\collab\csgo_map\collab_map.bsp', but we don't own that location. Allowing...
0 seconds elapsed



16 threads
reading c:\steamlibrary\steamapps\common\counter-strike global offensive\sdk_content\maps\collab\csgo_map\collab_map.bsp
reading c:\steamlibrary\steamapps\common\counter-strike global offensive\sdk_content\maps\collab\csgo_map\collab_map.prt
  50 portalclusters
 119 numportals
0...1...2...3...4...5...6...7...8...9...100...1...2...3...4...5...6...7...8...9...10Optimized: 0 visible clusters (0.00%)
Total clusters visible: 2156
Average clusters visible: 43
Building PAS...
Average clusters audible: 50
visdatasize:1107  compressed from 800
writing c:\steamlibrary\steamapps\common\counter-strike global offensive\sdk_content\maps\collab\csgo_map\collab_map.bsp
MSG_FILEWRITE - Filesystem was asked to write to 'c:\steamlibrary\steamapps\common\counter-strike global offensive\sdk_content\maps\collab\csgo_map\collab_map.bsp', but we don't own that location. Allowing...
0 seconds elapsed



[Reading texlights from 'lights.rad']
[17 texlights parsed from 'lights.rad']

Loading c:\steamlibrary\steamapps\common\counter-strike global offensive\sdk_content\maps\collab\csgo_map\collab_map.bsp
308 faces
233562 square feet [33633024.00 square inches]
0 Displacements
0 Square Feet [0.00 Square Inches]
308 patches before subdivision
21934 patches after subdivision
0 direct lights
0...1...2...3...4...5...6...7...8...9...100...1...2...3...4...5...6...7...8...9...10transfers 3711268, max 459
transfer lists:  28.3 megs
0...1...2...3...4...5...6...7...8...9...10	Bounce #1 added RGB(0, 0, 0)
Build Patch/Sample Hash Table(s).....Done<0.0063 sec>
0...1...2...3...4...5...6...7...8...9...10FinalLightFace Done
0 of 0 (0% of) surface lights went in leaf ambient cubes.
0...1...2...3...4...5...6...7...8...9...10Writing leaf ambient...done
Ready to Finish

Object names       Objects/Maxobjs  Memory / Maxmem  Fullness 
------------       ---------------  ---------------  -------- 
models                   2/1024           96/49152    ( 0.2%) 
brushes                 12/8192          144/98304    ( 0.1%) 
brushsides              79/81920         632/655360   ( 0.1%) 
planes                 100/65536        2000/1310720  ( 0.2%) 
vertexes               361/65536        4332/786432   ( 0.6%) 
nodes                  140/65536        4480/2097152  ( 0.2%) 
texinfos                10/12288         720/884736   ( 0.1%) 
texdata                  2/4096           64/131072   ( 0.0%) 
dispinfos                0/0               0/0        ( 0.0%) 
disp_verts               0/0               0/0        ( 0.0%) 
disp_tris                0/0               0/0        ( 0.0%) 
disp_multiblend          0/0               0/0        ( 0.0%) 
disp_lmsamples           0/0               0/0        ( 0.0%) 
faces                  308/65536       17248/3670016  ( 0.5%) 
hdr faces              308/65536       17248/3670016  ( 0.5%) 
origfaces               34/65536        1904/3670016  ( 0.1%) 
facebrushes              0/0               0/0        ( 0.0%) 
facebrushlists         308/0            1232/0        ( 0.0%) 
leaves                 143/65536        4576/2097152  ( 0.2%) 
leaffaces              440/65536         880/131072   ( 0.7%) 
leafbrushes             69/65536         138/131072   ( 0.1%) 
areas                    2/1024           16/8192     ( 0.2%) 
surfedges             1428/512000       5712/2048000  ( 0.3%) 
edges                  739/256000       2956/1024000  ( 0.3%) 
LDR worldlights          0/8192            0/819200   ( 0.0%) 
HDR worldlights          0/8192            0/819200   ( 0.0%) 
leafwaterdata            0/32768           0/393216   ( 0.0%) 
waterstrips              1/32768          10/327680   ( 0.0%) 
waterverts               0/65536           0/786432   ( 0.0%) 
waterindices            12/65536          24/131072   ( 0.0%) 
cubemapsamples           0/1024            0/16384    ( 0.0%) 
overlays                 0/1024            0/360448   ( 0.0%) 
LDR lightdata         [variable]           0/0        ( 0.0%) 
HDR lightdata         [variable]     1196240/0        ( 0.0%) 
visdata               [variable]        1107/16777216 ( 0.0%) 
entdata               [variable]        1027/393216   ( 0.3%) 
LDR ambient table      143/65536         572/262144   ( 0.2%) 
HDR ambient table      143/65536         572/262144   ( 0.2%) 
LDR leaf ambient       143/65536        4004/1835008  ( 0.2%) 
HDR leaf ambient        56/65536        1568/1835008  ( 0.1%) 
occluders                0/0               0/0        ( 0.0%) 
occluder polygons        0/0               0/0        ( 0.0%) 
occluder vert ind        0/0               0/0        ( 0.0%) 
detail props          [variable]           1/12       ( 8.3%) 
static props          [variable]           1/12       ( 8.3%) 
pakfile               [variable]       74438/0        ( 0.0%) 
physics               [variable]        4646/4194304  ( 0.1%) 
physics terrain       [variable]           2/1048576  ( 0.0%) 

Level flags = 7e

Total triangle count: 676
Writing c:\steamlibrary\steamapps\common\counter-strike global offensive\sdk_content\maps\collab\csgo_map\collab_map.bsp
MSG_FILEWRITE - Filesystem was asked to write to 'c:\steamlibrary\steamapps\common\counter-strike global offensive\sdk_content\maps\collab\csgo_map\collab_map.bsp', but we don't own that location. Allowing...
1 second elapsed



materialPath: D:\SteamLibrary\steamapps\common\Counter-Strike Global Offensive\csgo\materials
Loading c:\users\whitt\github\csgo_map\csgo_map\collab_map.vmf
Map revision 4
fixing up env_cubemap materials on brush sides...
0...1...2...3...4...5...6...7...8...9...100...1...2...3...4...5...6...7...8...9...10Processing areas...done (0)
Building Faces...done (0)
FixTjuncs...
PruneNodes...
WriteBSP...
done (0)
writing c:\users\whitt\github\csgo_map\csgo_map\collab_map.prt...Building visibility clusters...
AutoVisClustering (threshold=-1) matched 0 leafs.
done (0)
Finding displacement neighbors...
Finding lightmap sample positions...
Displacement Alpha : 0...1...2...3...4...5...6...7...8...9...10
Building Physics collision data...
done (0) (4646 bytes)
Placing detail props : 0...1...2...3...4...5...6...7...8...9...10
Compacting texture/material tables...
Reduced 10 texinfos to 10
Reduced 2 texdatas to 2 (43 bytes to 43)
Writing c:\users\whitt\github\csgo_map\csgo_map\collab_map.bsp
MSG_FILEWRITE - Filesystem was asked to write to 'c:\users\whitt\github\csgo_map\csgo_map\collab_map.bsp', but we don't own that location. Allowing...
0 seconds elapsed



16 threads
reading c:\users\whitt\github\csgo_map\csgo_map\collab_map.bsp
reading c:\users\whitt\github\csgo_map\csgo_map\collab_map.prt
  50 portalclusters
 119 numportals
0...1...2...3...4...5...6...7...8...9...100...1...2...3...4...5...6...7...8...9...10Optimized: 0 visible clusters (0.00%)
Total clusters visible: 2156
Average clusters visible: 43
Building PAS...
Average clusters audible: 50
visdatasize:1107  compressed from 800
writing c:\users\whitt\github\csgo_map\csgo_map\collab_map.bsp
MSG_FILEWRITE - Filesystem was asked to write to 'c:\users\whitt\github\csgo_map\csgo_map\collab_map.bsp', but we don't own that location. Allowing...
0 seconds elapsed



[Reading texlights from 'lights.rad']
[17 texlights parsed from 'lights.rad']

Loading c:\users\whitt\github\csgo_map\csgo_map\collab_map.bsp
308 faces
233562 square feet [33633024.00 square inches]
0 Displacements
0 Square Feet [0.00 Square Inches]
308 patches before subdivision
21934 patches after subdivision
0 direct lights
0...1...2...3...4...5...6...7...8...9...100...1...2...3...4...5...6...7...8...9...10transfers 3711268, max 459
transfer lists:  28.3 megs
0...1...2...3...4...5...6...7...8...9...10	Bounce #1 added RGB(0, 0, 0)
Build Patch/Sample Hash Table(s).....Done<0.0050 sec>
0...1...2...3...4...5...6...7...8...9...10FinalLightFace Done
0 of 0 (0% of) surface lights went in leaf ambient cubes.
0...1...2...3...4...5...6...7...8...9...10Writing leaf ambient...done
Ready to Finish

Object names       Objects/Maxobjs  Memory / Maxmem  Fullness 
------------       ---------------  ---------------  -------- 
models                   2/1024           96/49152    ( 0.2%) 
brushes                 12/8192          144/98304    ( 0.1%) 
brushsides              79/81920         632/655360   ( 0.1%) 
planes                 100/65536        2000/1310720  ( 0.2%) 
vertexes               361/65536        4332/786432   ( 0.6%) 
nodes                  140/65536        4480/2097152  ( 0.2%) 
texinfos                10/12288         720/884736   ( 0.1%) 
texdata                  2/4096           64/131072   ( 0.0%) 
dispinfos                0/0               0/0        ( 0.0%) 
disp_verts               0/0               0/0        ( 0.0%) 
disp_tris                0/0               0/0        ( 0.0%) 
disp_multiblend          0/0               0/0        ( 0.0%) 
disp_lmsamples           0/0               0/0        ( 0.0%) 
faces                  308/65536       17248/3670016  ( 0.5%) 
hdr faces                0/65536           0/3670016  ( 0.0%) 
origfaces               34/65536        1904/3670016  ( 0.1%) 
facebrushes              0/0               0/0        ( 0.0%) 
facebrushlists         308/0            1232/0        ( 0.0%) 
leaves                 143/65536        4576/2097152  ( 0.2%) 
leaffaces              440/65536         880/131072   ( 0.7%) 
leafbrushes             69/65536         138/131072   ( 0.1%) 
areas                    2/1024           16/8192     ( 0.2%) 
surfedges             1428/512000       5712/2048000  ( 0.3%) 
edges                  739/256000       2956/1024000  ( 0.3%) 
LDR worldlights          0/8192            0/819200   ( 0.0%) 
HDR worldlights          0/8192            0/819200   ( 0.0%) 
leafwaterdata            0/32768           0/393216   ( 0.0%) 
waterstrips              1/32768          10/327680   ( 0.0%) 
waterverts               0/65536           0/786432   ( 0.0%) 
waterindices            12/65536          24/131072   ( 0.0%) 
cubemapsamples           0/1024            0/16384    ( 0.0%) 
overlays                 0/1024            0/360448   ( 0.0%) 
LDR lightdata         [variable]     1196240/0        ( 0.0%) 
HDR lightdata         [variable]           0/0        ( 0.0%) 
visdata               [variable]        1107/16777216 ( 0.0%) 
entdata               [variable]        1529/393216   ( 0.4%) 
LDR ambient table      143/65536         572/262144   ( 0.2%) 
HDR ambient table      143/65536         572/262144   ( 0.2%) 
LDR leaf ambient        56/65536        1568/1835008  ( 0.1%) 
HDR leaf ambient       143/65536        4004/1835008  ( 0.2%) 
occluders                0/0               0/0        ( 0.0%) 
occluder polygons        0/0               0/0        ( 0.0%) 
occluder vert ind        0/0               0/0        ( 0.0%) 
detail props          [variable]           1/12       ( 8.3%) 
static props          [variable]           1/12       ( 8.3%) 
pakfile               [variable]       74438/0        ( 0.0%) 
physics               [variable]        4646/4194304  ( 0.1%) 
physics terrain       [variable]           2/1048576  ( 0.0%) 

Level flags = 7c

Total triangle count: 676
Writing c:\users\whitt\github\csgo_map\csgo_map\collab_map.bsp
MSG_FILEWRITE - Filesystem was asked to write to 'c:\users\whitt\github\csgo_map\csgo_map\collab_map.bsp', but we don't own that location. Allowing...
0 seconds elapsed



materialPath: D:\SteamLibrary\steamapps\common\Counter-Strike Global Offensive\csgo\materials
Loading c:\users\whitt\github\csgo_map\csgo_map\collab_map.vmf
Map revision 5
fixing up env_cubemap materials on brush sides...
0...1...2...3...4...5...6...7...8...9...100...1...2...3...4...5...6...7...8...9...10Processing areas...done (0)
Building Faces...done (0)
FixTjuncs...
PruneNodes...
WriteBSP...
done (0)
writing c:\users\whitt\github\csgo_map\csgo_map\collab_map.prt...Building visibility clusters...
AutoVisClustering (threshold=-1) matched 0 leafs.
done (0)
Finding displacement neighbors...
Finding lightmap sample positions...
Displacement Alpha : 0...1...2...3...4...5...6...7...8...9...10
Building Physics collision data...
done (0) (4646 bytes)
Placing detail props : 0...1...2...3...4...5...6...7...8...9...10
Compacting texture/material tables...
Reduced 10 texinfos to 10
Reduced 2 texdatas to 2 (43 bytes to 43)
Writing c:\users\whitt\github\csgo_map\csgo_map\collab_map.bsp
MSG_FILEWRITE - Filesystem was asked to write to 'c:\users\whitt\github\csgo_map\csgo_map\collab_map.bsp', but we don't own that location. Allowing...
0 seconds elapsed



16 threads
reading c:\users\whitt\github\csgo_map\csgo_map\collab_map.bsp
reading c:\users\whitt\github\csgo_map\csgo_map\collab_map.prt
  50 portalclusters
 119 numportals
0...1...2...3...4...5...6...7...8...9...100...1...2...3...4...5...6...7...8...9...10Optimized: 0 visible clusters (0.00%)
Total clusters visible: 2156
Average clusters visible: 43
Building PAS...
Average clusters audible: 50
visdatasize:1107  compressed from 800
writing c:\users\whitt\github\csgo_map\csgo_map\collab_map.bsp
MSG_FILEWRITE - Filesystem was asked to write to 'c:\users\whitt\github\csgo_map\csgo_map\collab_map.bsp', but we don't own that location. Allowing...
0 seconds elapsed



[Reading texlights from 'lights.rad']
[17 texlights parsed from 'lights.rad']

Loading c:\users\whitt\github\csgo_map\csgo_map\collab_map.bsp
308 faces
233562 square feet [33633024.00 square inches]
0 Displacements
0 Square Feet [0.00 Square Inches]
308 patches before subdivision
21934 patches after subdivision
0 direct lights
0...1...2...3...4...5...6...7...8...9...100...1...2...3...4...5...6...7...8...9...10transfers 3711268, max 459
transfer lists:  28.3 megs
0...1...2...3...4...5...6...7...8...9...10	Bounce #1 added RGB(0, 0, 0)
Build Patch/Sample Hash Table(s).....Done<0.0044 sec>
0...1...2...3...4...5...6...7...8...9...10FinalLightFace Done
0 of 0 (0% of) surface lights went in leaf ambient cubes.
0...1...2...3...4...5...6...7...8...9...10Writing leaf ambient...done
Ready to Finish

Object names       Objects/Maxobjs  Memory / Maxmem  Fullness 
------------       ---------------  ---------------  -------- 
models                   2/1024           96/49152    ( 0.2%) 
brushes                 12/8192          144/98304    ( 0.1%) 
brushsides              79/81920         632/655360   ( 0.1%) 
planes                 100/65536        2000/1310720  ( 0.2%) 
vertexes               361/65536        4332/786432   ( 0.6%) 
nodes                  140/65536        4480/2097152  ( 0.2%) 
texinfos                10/12288         720/884736   ( 0.1%) 
texdata                  2/4096           64/131072   ( 0.0%) 
dispinfos                0/0               0/0        ( 0.0%) 
disp_verts               0/0               0/0        ( 0.0%) 
disp_tris                0/0               0/0        ( 0.0%) 
disp_multiblend          0/0               0/0        ( 0.0%) 
disp_lmsamples           0/0               0/0        ( 0.0%) 
faces                  308/65536       17248/3670016  ( 0.5%) 
hdr faces                0/65536           0/3670016  ( 0.0%) 
origfaces               34/65536        1904/3670016  ( 0.1%) 
facebrushes              0/0               0/0        ( 0.0%) 
facebrushlists         308/0            1232/0        ( 0.0%) 
leaves                 143/65536        4576/2097152  ( 0.2%) 
leaffaces              440/65536         880/131072   ( 0.7%) 
leafbrushes             69/65536         138/131072   ( 0.1%) 
areas                    2/1024           16/8192     ( 0.2%) 
surfedges             1428/512000       5712/2048000  ( 0.3%) 
edges                  739/256000       2956/1024000  ( 0.3%) 
LDR worldlights          0/8192            0/819200   ( 0.0%) 
HDR worldlights          0/8192            0/819200   ( 0.0%) 
leafwaterdata            0/32768           0/393216   ( 0.0%) 
waterstrips              1/32768          10/327680   ( 0.0%) 
waterverts               0/65536           0/786432   ( 0.0%) 
waterindices            12/65536          24/131072   ( 0.0%) 
cubemapsamples           0/1024            0/16384    ( 0.0%) 
overlays                 0/1024            0/360448   ( 0.0%) 
LDR lightdata         [variable]     1196240/0        ( 0.0%) 
HDR lightdata         [variable]           0/0        ( 0.0%) 
visdata               [variable]        1107/16777216 ( 0.0%) 
entdata               [variable]        1529/393216   ( 0.4%) 
LDR ambient table      143/65536         572/262144   ( 0.2%) 
HDR ambient table      143/65536         572/262144   ( 0.2%) 
LDR leaf ambient        56/65536        1568/1835008  ( 0.1%) 
HDR leaf ambient       143/65536        4004/1835008  ( 0.2%) 
occluders                0/0               0/0        ( 0.0%) 
occluder polygons        0/0               0/0        ( 0.0%) 
occluder vert ind        0/0               0/0        ( 0.0%) 
detail props          [variable]           1/12       ( 8.3%) 
static props          [variable]           1/12       ( 8.3%) 
pakfile               [variable]       74438/0        ( 0.0%) 
physics               [variable]        4646/4194304  ( 0.1%) 
physics terrain       [variable]           2/1048576  ( 0.0%) 

Level flags = 7c

Total triangle count: 676
Writing c:\users\whitt\github\csgo_map\csgo_map\collab_map.bsp
MSG_FILEWRITE - Filesystem was asked to write to 'c:\users\whitt\github\csgo_map\csgo_map\collab_map.bsp', but we don't own that location. Allowing...
0 seconds elapsed



materialPath: D:\SteamLibrary\steamapps\common\Counter-Strike Global Offensive\csgo\materials
Loading c:\users\whitt\github\csgo_map\csgo_map\collab_map.vmf
Map revision 6
fixing up env_cubemap materials on brush sides...
0...1...2...3...4...5...6...7...8...9...100...1...2...3...4...5...6...7...8...9...10Processing areas...done (0)
Building Faces...done (0)
FixTjuncs...
PruneNodes...
WriteBSP...
done (0)
writing c:\users\whitt\github\csgo_map\csgo_map\collab_map.prt...Building visibility clusters...
AutoVisClustering (threshold=-1) matched 0 leafs.
done (0)
Finding displacement neighbors...
Finding lightmap sample positions...
Displacement Alpha : 0...1...2...3...4...5...6...7...8...9...10
Building Physics collision data...
done (0) (4646 bytes)
Placing detail props : 0...1...2...3...4...5...6...7...8...9...10
Compacting texture/material tables...
Reduced 10 texinfos to 10
Reduced 2 texdatas to 2 (43 bytes to 43)
Writing c:\users\whitt\github\csgo_map\csgo_map\collab_map.bsp
MSG_FILEWRITE - Filesystem was asked to write to 'c:\users\whitt\github\csgo_map\csgo_map\collab_map.bsp', but we don't own that location. Allowing...
0 seconds elapsed



16 threads
reading c:\users\whitt\github\csgo_map\csgo_map\collab_map.bsp
reading c:\users\whitt\github\csgo_map\csgo_map\collab_map.prt
  50 portalclusters
 119 numportals
0...1...2...3...4...5...6...7...8...9...100...1...2...3...4...5...6...7...8...9...10Optimized: 0 visible clusters (0.00%)
Total clusters visible: 2156
Average clusters visible: 43
Building PAS...
Average clusters audible: 50
visdatasize:1107  compressed from 800
writing c:\users\whitt\github\csgo_map\csgo_map\collab_map.bsp
MSG_FILEWRITE - Filesystem was asked to write to 'c:\users\whitt\github\csgo_map\csgo_map\collab_map.bsp', but we don't own that location. Allowing...
0 seconds elapsed



[Reading texlights from 'lights.rad']
[17 texlights parsed from 'lights.rad']

Loading c:\users\whitt\github\csgo_map\csgo_map\collab_map.bsp
308 faces
233562 square feet [33633024.00 square inches]
0 Displacements
0 Square Feet [0.00 Square Inches]
308 patches before subdivision
21934 patches after subdivision
0 direct lights
0...1...2...3...4...5...6...7...8...9...100...1...2...3...4...5...6...7...8...9...10transfers 3711268, max 459
transfer lists:  28.3 megs
0...1...2...3...4...5...6...7...8...9...10	Bounce #1 added RGB(0, 0, 0)
Build Patch/Sample Hash Table(s).....Done<0.0045 sec>
0...1...2...3...4...5...6...7...8...9...10FinalLightFace Done
0 of 0 (0% of) surface lights went in leaf ambient cubes.
0...1...2...3...4...5...6...7...8...9...10Writing leaf ambient...done
Ready to Finish

Object names       Objects/Maxobjs  Memory / Maxmem  Fullness 
------------       ---------------  ---------------  -------- 
models                   2/1024           96/49152    ( 0.2%) 
brushes                 12/8192          144/98304    ( 0.1%) 
brushsides              79/81920         632/655360   ( 0.1%) 
planes                 100/65536        2000/1310720  ( 0.2%) 
vertexes               361/65536        4332/786432   ( 0.6%) 
nodes                  140/65536        4480/2097152  ( 0.2%) 
texinfos                10/12288         720/884736   ( 0.1%) 
texdata                  2/4096           64/131072   ( 0.0%) 
dispinfos                0/0               0/0        ( 0.0%) 
disp_verts               0/0               0/0        ( 0.0%) 
disp_tris                0/0               0/0        ( 0.0%) 
disp_multiblend          0/0               0/0        ( 0.0%) 
disp_lmsamples           0/0               0/0        ( 0.0%) 
faces                  308/65536       17248/3670016  ( 0.5%) 
hdr faces                0/65536           0/3670016  ( 0.0%) 
origfaces               34/65536        1904/3670016  ( 0.1%) 
facebrushes              0/0               0/0        ( 0.0%) 
facebrushlists         308/0            1232/0        ( 0.0%) 
leaves                 143/65536        4576/2097152  ( 0.2%) 
leaffaces              440/65536         880/131072   ( 0.7%) 
leafbrushes             69/65536         138/131072   ( 0.1%) 
areas                    2/1024           16/8192     ( 0.2%) 
surfedges             1428/512000       5712/2048000  ( 0.3%) 
edges                  739/256000       2956/1024000  ( 0.3%) 
LDR worldlights          0/8192            0/819200   ( 0.0%) 
HDR worldlights          0/8192            0/819200   ( 0.0%) 
leafwaterdata            0/32768           0/393216   ( 0.0%) 
waterstrips              1/32768          10/327680   ( 0.0%) 
waterverts               0/65536           0/786432   ( 0.0%) 
waterindices            12/65536          24/131072   ( 0.0%) 
cubemapsamples           0/1024            0/16384    ( 0.0%) 
overlays                 0/1024            0/360448   ( 0.0%) 
LDR lightdata         [variable]     1196240/0        ( 0.0%) 
HDR lightdata         [variable]           0/0        ( 0.0%) 
visdata               [variable]        1107/16777216 ( 0.0%) 
entdata               [variable]        1529/393216   ( 0.4%) 
LDR ambient table      143/65536         572/262144   ( 0.2%) 
HDR ambient table      143/65536         572/262144   ( 0.2%) 
LDR leaf ambient        56/65536        1568/1835008  ( 0.1%) 
HDR leaf ambient       143/65536        4004/1835008  ( 0.2%) 
occluders                0/0               0/0        ( 0.0%) 
occluder polygons        0/0               0/0        ( 0.0%) 
occluder vert ind        0/0               0/0        ( 0.0%) 
detail props          [variable]           1/12       ( 8.3%) 
static props          [variable]           1/12       ( 8.3%) 
pakfile               [variable]       74438/0        ( 0.0%) 
physics               [variable]        4646/4194304  ( 0.1%) 
physics terrain       [variable]           2/1048576  ( 0.0%) 

Level flags = 7c

Total triangle count: 676
Writing c:\users\whitt\github\csgo_map\csgo_map\collab_map.bsp
MSG_FILEWRITE - Filesystem was asked to write to 'c:\users\whitt\github\csgo_map\csgo_map\collab_map.bsp', but we don't own that location. Allowing...
0 seconds elapsed



materialPath: D:\SteamLibrary\steamapps\common\Counter-Strike Global Offensive\csgo\materials
Loading c:\users\whitt\github\csgo_map\csgo_map\collab_map.vmf
Map revision 7
fixing up env_cubemap materials on brush sides...
0...1...2...3...4...5...6...7...8...9...100...1...2...3...4...5...6...7...8...9...10Processing areas...done (0)
Building Faces...done (0)
FixTjuncs...
PruneNodes...
WriteBSP...
done (0)
writing c:\users\whitt\github\csgo_map\csgo_map\collab_map.prt...Building visibility clusters...
AutoVisClustering (threshold=-1) matched 0 leafs.
done (0)
Finding displacement neighbors...
Finding lightmap sample positions...
Displacement Alpha : 0...1...2...3...4...5...6...7...8...9...10
Building Physics collision data...
done (0) (4646 bytes)
Placing detail props : 0...1...2...3...4...5...6...7...8...9...10
Compacting texture/material tables...
Reduced 10 texinfos to 10
Reduced 2 texdatas to 2 (43 bytes to 43)
Writing c:\users\whitt\github\csgo_map\csgo_map\collab_map.bsp
MSG_FILEWRITE - Filesystem was asked to write to 'c:\users\whitt\github\csgo_map\csgo_map\collab_map.bsp', but we don't own that location. Allowing...
0 seconds elapsed



16 threads
reading c:\users\whitt\github\csgo_map\csgo_map\collab_map.bsp
reading c:\users\whitt\github\csgo_map\csgo_map\collab_map.prt
  50 portalclusters
 119 numportals
0...1...2...3...4...5...6...7...8...9...100...1...2...3...4...5...6...7...8...9...10Optimized: 0 visible clusters (0.00%)
Total clusters visible: 2156
Average clusters visible: 43
Building PAS...
Average clusters audible: 50
visdatasize:1107  compressed from 800
writing c:\users\whitt\github\csgo_map\csgo_map\collab_map.bsp
MSG_FILEWRITE - Filesystem was asked to write to 'c:\users\whitt\github\csgo_map\csgo_map\collab_map.bsp', but we don't own that location. Allowing...
0 seconds elapsed



[Reading texlights from 'lights.rad']
[17 texlights parsed from 'lights.rad']

Loading c:\users\whitt\github\csgo_map\csgo_map\collab_map.bsp
308 faces
233562 square feet [33633024.00 square inches]
0 Displacements
0 Square Feet [0.00 Square Inches]
308 patches before subdivision
21934 patches after subdivision
0 direct lights
0...1...2...3...4...5...6...7...8...9...100...1...2...3...4...5...6...7...8...9...10transfers 3711268, max 459
transfer lists:  28.3 megs
0...1...2...3...4...5...6...7...8...9...10	Bounce #1 added RGB(0, 0, 0)
Build Patch/Sample Hash Table(s).....Done<0.0050 sec>
0...1...2...3...4...5...6...7...8...9...10FinalLightFace Done
0 of 0 (0% of) surface lights went in leaf ambient cubes.
0...1...2...3...4...5...6...7...8...9...10Writing leaf ambient...done
Ready to Finish

Object names       Objects/Maxobjs  Memory / Maxmem  Fullness 
------------       ---------------  ---------------  -------- 
models                   2/1024           96/49152    ( 0.2%) 
brushes                 12/8192          144/98304    ( 0.1%) 
brushsides              79/81920         632/655360   ( 0.1%) 
planes                 100/65536        2000/1310720  ( 0.2%) 
vertexes               361/65536        4332/786432   ( 0.6%) 
nodes                  140/65536        4480/2097152  ( 0.2%) 
texinfos                10/12288         720/884736   ( 0.1%) 
texdata                  2/4096           64/131072   ( 0.0%) 
dispinfos                0/0               0/0        ( 0.0%) 
disp_verts               0/0               0/0        ( 0.0%) 
disp_tris                0/0               0/0        ( 0.0%) 
disp_multiblend          0/0               0/0        ( 0.0%) 
disp_lmsamples           0/0               0/0        ( 0.0%) 
faces                  308/65536       17248/3670016  ( 0.5%) 
hdr faces                0/65536           0/3670016  ( 0.0%) 
origfaces               34/65536        1904/3670016  ( 0.1%) 
facebrushes              0/0               0/0        ( 0.0%) 
facebrushlists         308/0            1232/0        ( 0.0%) 
leaves                 143/65536        4576/2097152  ( 0.2%) 
leaffaces              440/65536         880/131072   ( 0.7%) 
leafbrushes             69/65536         138/131072   ( 0.1%) 
areas                    2/1024           16/8192     ( 0.2%) 
surfedges             1428/512000       5712/2048000  ( 0.3%) 
edges                  739/256000       2956/1024000  ( 0.3%) 
LDR worldlights          0/8192            0/819200   ( 0.0%) 
HDR worldlights          0/8192            0/819200   ( 0.0%) 
leafwaterdata            0/32768           0/393216   ( 0.0%) 
waterstrips              1/32768          10/327680   ( 0.0%) 
waterverts               0/65536           0/786432   ( 0.0%) 
waterindices            12/65536          24/131072   ( 0.0%) 
cubemapsamples           0/1024            0/16384    ( 0.0%) 
overlays                 0/1024            0/360448   ( 0.0%) 
LDR lightdata         [variable]     1196240/0        ( 0.0%) 
HDR lightdata         [variable]           0/0        ( 0.0%) 
visdata               [variable]        1107/16777216 ( 0.0%) 
entdata               [variable]        1530/393216   ( 0.4%) 
LDR ambient table      143/65536         572/262144   ( 0.2%) 
HDR ambient table      143/65536         572/262144   ( 0.2%) 
LDR leaf ambient        56/65536        1568/1835008  ( 0.1%) 
HDR leaf ambient       143/65536        4004/1835008  ( 0.2%) 
occluders                0/0               0/0        ( 0.0%) 
occluder polygons        0/0               0/0        ( 0.0%) 
occluder vert ind        0/0               0/0        ( 0.0%) 
detail props          [variable]           1/12       ( 8.3%) 
static props          [variable]           1/12       ( 8.3%) 
pakfile               [variable]       74438/0        ( 0.0%) 
physics               [variable]        4646/4194304  ( 0.1%) 
physics terrain       [variable]           2/1048576  ( 0.0%) 

Level flags = 7c

Total triangle count: 676
Writing c:\users\whitt\github\csgo_map\csgo_map\collab_map.bsp
MSG_FILEWRITE - Filesystem was asked to write to 'c:\users\whitt\github\csgo_map\csgo_map\collab_map.bsp', but we don't own that location. Allowing...
0 seconds elapsed



materialPath: C:\SteamLibrary\steamapps\common\Counter-Strike Global Offensive\csgo\materials
Loading c:\steamlibrary\steamapps\common\counter-strike global offensive\sdk_content\maps\collab\csgo_map\collab_map.vmf
Map revision 8
fixing up env_cubemap materials on brush sides...
0...1...2...3...4...5...6...7...8...9...100...1...2...3...4...5...6...7...8...9...10Processing areas...done (0)
Building Faces...done (0)
FixTjuncs...
PruneNodes...
WriteBSP...
done (0)
writing c:\steamlibrary\steamapps\common\counter-strike global offensive\sdk_content\maps\collab\csgo_map\collab_map.prt...Building visibility clusters...
AutoVisClustering (threshold=-1) matched 0 leafs.
done (0)
Finding displacement neighbors...
Finding lightmap sample positions...
Displacement Alpha : 0...1...2...3...4...5...6...7...8...9...10
Building Physics collision data...
done (0) (4646 bytes)
Placing detail props : 0...1...2...3...4...5...6...7...8...9...10
Compacting texture/material tables...
Reduced 10 texinfos to 10
Reduced 2 texdatas to 2 (43 bytes to 43)
Writing c:\steamlibrary\steamapps\common\counter-strike global offensive\sdk_content\maps\collab\csgo_map\collab_map.bsp
MSG_FILEWRITE - Filesystem was asked to write to 'c:\steamlibrary\steamapps\common\counter-strike global offensive\sdk_content\maps\collab\csgo_map\collab_map.bsp', but we don't own that location. Allowing...
0 seconds elapsed



16 threads
reading c:\steamlibrary\steamapps\common\counter-strike global offensive\sdk_content\maps\collab\csgo_map\collab_map.bsp
reading c:\steamlibrary\steamapps\common\counter-strike global offensive\sdk_content\maps\collab\csgo_map\collab_map.prt
  50 portalclusters
 119 numportals
0...1...2...3...4...5...6...7...8...9...100...1...2...3...4...5...6...7...8...9...10Optimized: 0 visible clusters (0.00%)
Total clusters visible: 2156
Average clusters visible: 43
Building PAS...
Average clusters audible: 50
visdatasize:1107  compressed from 800
writing c:\steamlibrary\steamapps\common\counter-strike global offensive\sdk_content\maps\collab\csgo_map\collab_map.bsp
MSG_FILEWRITE - Filesystem was asked to write to 'c:\steamlibrary\steamapps\common\counter-strike global offensive\sdk_content\maps\collab\csgo_map\collab_map.bsp', but we don't own that location. Allowing...
0 seconds elapsed



[Reading texlights from 'lights.rad']
[17 texlights parsed from 'lights.rad']

Loading c:\steamlibrary\steamapps\common\counter-strike global offensive\sdk_content\maps\collab\csgo_map\collab_map.bsp
308 faces
233562 square feet [33633024.00 square inches]
0 Displacements
0 Square Feet [0.00 Square Inches]
308 patches before subdivision
21934 patches after subdivision
0 direct lights
0...1...2...3...4...5...6...7...8...9...100...1...2...3...4...5...6...7...8...9...10transfers 3711268, max 459
transfer lists:  28.3 megs
0...1...2...3...4...5...6...7...8...9...10	Bounce #1 added RGB(0, 0, 0)
Build Patch/Sample Hash Table(s).....Done<0.0070 sec>
0...1...2...3...4...5...6...7...8...9...10FinalLightFace Done
0 of 0 (0% of) surface lights went in leaf ambient cubes.
0...1...2...3...4...5...6...7...8...9...10Writing leaf ambient...done
Ready to Finish

Object names       Objects/Maxobjs  Memory / Maxmem  Fullness 
------------       ---------------  ---------------  -------- 
models                   2/1024           96/49152    ( 0.2%) 
brushes                 12/8192          144/98304    ( 0.1%) 
brushsides              79/81920         632/655360   ( 0.1%) 
planes                 100/65536        2000/1310720  ( 0.2%) 
vertexes               361/65536        4332/786432   ( 0.6%) 
nodes                  140/65536        4480/2097152  ( 0.2%) 
texinfos                10/12288         720/884736   ( 0.1%) 
texdata                  2/4096           64/131072   ( 0.0%) 
dispinfos                0/0               0/0        ( 0.0%) 
disp_verts               0/0               0/0        ( 0.0%) 
disp_tris                0/0               0/0        ( 0.0%) 
disp_multiblend          0/0               0/0        ( 0.0%) 
disp_lmsamples           0/0               0/0        ( 0.0%) 
faces                  308/65536       17248/3670016  ( 0.5%) 
hdr faces              308/65536       17248/3670016  ( 0.5%) 
origfaces               34/65536        1904/3670016  ( 0.1%) 
facebrushes              0/0               0/0        ( 0.0%) 
facebrushlists         308/0            1232/0        ( 0.0%) 
leaves                 143/65536        4576/2097152  ( 0.2%) 
leaffaces              440/65536         880/131072   ( 0.7%) 
leafbrushes             69/65536         138/131072   ( 0.1%) 
areas                    2/1024           16/8192     ( 0.2%) 
surfedges             1428/512000       5712/2048000  ( 0.3%) 
edges                  739/256000       2956/1024000  ( 0.3%) 
LDR worldlights          0/8192            0/819200   ( 0.0%) 
HDR worldlights          0/8192            0/819200   ( 0.0%) 
leafwaterdata            0/32768           0/393216   ( 0.0%) 
waterstrips              1/32768          10/327680   ( 0.0%) 
waterverts               0/65536           0/786432   ( 0.0%) 
waterindices            12/65536          24/131072   ( 0.0%) 
cubemapsamples           0/1024            0/16384    ( 0.0%) 
overlays                 0/1024            0/360448   ( 0.0%) 
LDR lightdata         [variable]           0/0        ( 0.0%) 
HDR lightdata         [variable]     1196240/0        ( 0.0%) 
visdata               [variable]        1107/16777216 ( 0.0%) 
entdata               [variable]        1530/393216   ( 0.4%) 
LDR ambient table      143/65536         572/262144   ( 0.2%) 
HDR ambient table      143/65536         572/262144   ( 0.2%) 
LDR leaf ambient       143/65536        4004/1835008  ( 0.2%) 
HDR leaf ambient        56/65536        1568/1835008  ( 0.1%) 
occluders                0/0               0/0        ( 0.0%) 
occluder polygons        0/0               0/0        ( 0.0%) 
occluder vert ind        0/0               0/0        ( 0.0%) 
detail props          [variable]           1/12       ( 8.3%) 
static props          [variable]           1/12       ( 8.3%) 
pakfile               [variable]       74438/0        ( 0.0%) 
physics               [variable]        4646/4194304  ( 0.1%) 
physics terrain       [variable]           2/1048576  ( 0.0%) 

Level flags = 7e

Total triangle count: 676
Writing c:\steamlibrary\steamapps\common\counter-strike global offensive\sdk_content\maps\collab\csgo_map\collab_map.bsp
MSG_FILEWRITE - Filesystem was asked to write to 'c:\steamlibrary\steamapps\common\counter-strike global offensive\sdk_content\maps\collab\csgo_map\collab_map.bsp', but we don't own that location. Allowing...
0 seconds elapsed



materialPath: C:\SteamLibrary\steamapps\common\Counter-Strike Global Offensive\csgo\materials
Loading c:\steamlibrary\steamapps\common\counter-strike global offensive\sdk_content\maps\collab\csgo_map\collab_map.vmf
Map revision 9
fixing up env_cubemap materials on brush sides...
0...1...2...3...4...5...6...7...8...9...100...1...2...3...4...5...6...7...8...9...10Processing areas...done (0)
Building Faces...done (0)
FixTjuncs...
PruneNodes...
WriteBSP...
done (0)
writing c:\steamlibrary\steamapps\common\counter-strike global offensive\sdk_content\maps\collab\csgo_map\collab_map.prt...Building visibility clusters...
AutoVisClustering (threshold=-1) matched 0 leafs.
done (0)
Finding displacement neighbors...
Finding lightmap sample positions...
Displacement Alpha : 0...1...2...3...4...5...6...7...8...9...10
Building Physics collision data...
done (0) (2283 bytes)
Placing detail props : 0...1...2...3...4...5...6...7...8...9...10
Compacting texture/material tables...
Reduced 5 texinfos to 3
Reduced 1 texdatas to 1 (34 bytes to 34)
Writing c:\steamlibrary\steamapps\common\counter-strike global offensive\sdk_content\maps\collab\csgo_map\collab_map.bsp
MSG_FILEWRITE - Filesystem was asked to write to 'c:\steamlibrary\steamapps\common\counter-strike global offensive\sdk_content\maps\collab\csgo_map\collab_map.bsp', but we don't own that location. Allowing...
0 seconds elapsed



16 threads
reading c:\steamlibrary\steamapps\common\counter-strike global offensive\sdk_content\maps\collab\csgo_map\collab_map.bsp
reading c:\steamlibrary\steamapps\common\counter-strike global offensive\sdk_content\maps\collab\csgo_map\collab_map.prt
  16 portalclusters
  24 numportals
0...1...2...3...4...5...6...7...8...9...100...1...2...3...4...5...6...7...8...9...10Optimized: 0 visible clusters (0.00%)
Total clusters visible: 256
Average clusters visible: 16
Building PAS...
Average clusters audible: 16
visdatasize:196  compressed from 256
writing c:\steamlibrary\steamapps\common\counter-strike global offensive\sdk_content\maps\collab\csgo_map\collab_map.bsp
MSG_FILEWRITE - Filesystem was asked to write to 'c:\steamlibrary\steamapps\common\counter-strike global offensive\sdk_content\maps\collab\csgo_map\collab_map.bsp', but we don't own that location. Allowing...
0 seconds elapsed



[Reading texlights from 'lights.rad']
[17 texlights parsed from 'lights.rad']

Loading c:\steamlibrary\steamapps\common\counter-strike global offensive\sdk_content\maps\collab\csgo_map\collab_map.bsp
366 faces
366790 square feet [52817804.00 square inches]
0 Displacements
0 Square Feet [0.00 Square Inches]
366 patches before subdivision
31754 patches after subdivision
0 direct lights
0...1...2...3...4...5...6...7...8...9...100...1...2...3...4...5...6...7...8...9...10transfers 6625672, max 521
transfer lists:  50.5 megs
0...1...2...3...4...5...6...7...8...9...10	Bounce #1 added RGB(0, 0, 0)
Build Patch/Sample Hash Table(s).....Done<0.0097 sec>
0...1...2...3...4...5...6...7...8...9...10FinalLightFace Done
0 of 0 (0% of) surface lights went in leaf ambient cubes.
0...1...2...3...4...5...6...7...8...9...10Writing leaf ambient...done
Ready to Finish

Object names       Objects/Maxobjs  Memory / Maxmem  Fullness 
------------       ---------------  ---------------  -------- 
models                   1/1024           48/49152    ( 0.1%) 
brushes                  6/8192           72/98304    ( 0.1%) 
brushsides              36/81920         288/655360   ( 0.0%) 
planes                  48/65536         960/1310720  ( 0.1%) 
vertexes               401/65536        4812/786432   ( 0.6%) 
nodes                   80/65536        2560/2097152  ( 0.1%) 
texinfos                 3/12288         216/884736   ( 0.0%) 
texdata                  1/4096           32/131072   ( 0.0%) 
dispinfos                0/0               0/0        ( 0.0%) 
disp_verts               0/0               0/0        ( 0.0%) 
disp_tris                0/0               0/0        ( 0.0%) 
disp_multiblend          0/0               0/0        ( 0.0%) 
disp_lmsamples           0/0               0/0        ( 0.0%) 
faces                  366/65536       20496/3670016  ( 0.6%) 
hdr faces              366/65536       20496/3670016  ( 0.6%) 
origfaces                6/65536         336/3670016  ( 0.0%) 
facebrushes              0/0               0/0        ( 0.0%) 
facebrushlists         366/0            1464/0        ( 0.0%) 
leaves                  82/65536        2624/2097152  ( 0.1%) 
leaffaces              366/65536         732/131072   ( 0.6%) 
leafbrushes             48/65536          96/131072   ( 0.1%) 
areas                    2/1024           16/8192     ( 0.2%) 
surfedges             1520/512000       6080/2048000  ( 0.3%) 
edges                  773/256000       3092/1024000  ( 0.3%) 
LDR worldlights          0/8192            0/819200   ( 0.0%) 
HDR worldlights          0/8192            0/819200   ( 0.0%) 
leafwaterdata            0/32768           0/393216   ( 0.0%) 
waterstrips              0/32768           0/327680   ( 0.0%) 
waterverts               0/65536           0/786432   ( 0.0%) 
waterindices             0/65536           0/131072   ( 0.0%) 
cubemapsamples           0/1024            0/16384    ( 0.0%) 
overlays                 0/1024            0/360448   ( 0.0%) 
LDR lightdata         [variable]           0/0        ( 0.0%) 
HDR lightdata         [variable]     1860536/0        ( 0.0%) 
visdata               [variable]         196/16777216 ( 0.0%) 
entdata               [variable]         358/393216   ( 0.1%) 
LDR ambient table       82/65536         328/262144   ( 0.1%) 
HDR ambient table       82/65536         328/262144   ( 0.1%) 
LDR leaf ambient        82/65536        2296/1835008  ( 0.1%) 
HDR leaf ambient        16/65536         448/1835008  ( 0.0%) 
occluders                0/0               0/0        ( 0.0%) 
occluder polygons        0/0               0/0        ( 0.0%) 
occluder vert ind        0/0               0/0        ( 0.0%) 
detail props          [variable]           1/12       ( 8.3%) 
static props          [variable]           1/12       ( 8.3%) 
pakfile               [variable]       74438/0        ( 0.0%) 
physics               [variable]        2283/4194304  ( 0.1%) 
physics terrain       [variable]           2/1048576  ( 0.0%) 

Level flags = 7e

Total triangle count: 764
Writing c:\steamlibrary\steamapps\common\counter-strike global offensive\sdk_content\maps\collab\csgo_map\collab_map.bsp
MSG_FILEWRITE - Filesystem was asked to write to 'c:\steamlibrary\steamapps\common\counter-strike global offensive\sdk_content\maps\collab\csgo_map\collab_map.bsp', but we don't own that location. Allowing...
1 second elapsed
