PRT1
146
380
4 0 3 (3072 2048 909.090027 ) (3072 2048 5490.899902 ) (3072 2999.470215 5490.899902 ) (3072 2999.470215 909.090027 ) 
4 0 1 (3661.300293 2048 5490.899902 ) (3072 2048 5490.899902 ) (3072 2048 909.090027 ) (3661.300293 2048 909.090027 ) 
4 1 13 (3072 1024 909.090027 ) (3072 1024 5490.899902 ) (3072 2048 5490.899902 ) (3072 2048 909.090027 ) 
4 1 2 (3072 1024 5490.899902 ) (3072 1024 909.090027 ) (3661.300293 1024 909.090027 ) (3661.300293 1024 5490.899902 ) 
4 2 36 (3661.300293 0 5490.899902 ) (3072 0 5490.899902 ) (3072 0 909.090027 ) (3661.300293 0 909.090027 ) 
4 2 17 (3072 0 909.090027 ) (3072 0 5490.899902 ) (3072 1024 5490.899902 ) (3072 1024 909.090027 ) 
4 3 13 (3072 2048 909.090027 ) (3072 2048 5490.899902 ) (2432 2048 5490.899902 ) (2432 2048 909.090027 ) 
3 3 5 (2432 2584.930176 925.100708 ) (2432 2048 925.100708 ) (2432 2048 1511.057617 ) 
5 3 4 (2432 2999.470215 5490.899902 ) (2432 2999.470215 925.100708 ) (2432 2584.930176 925.100708 ) (2432 2048 1511.057617 ) (2432 2048 5490.899902 ) 
4 3 6 (2432 2999.470215 925.100708 ) (2432 2999.470215 909.090027 ) (2432 2048 909.090027 ) (2432 2048 925.100708 ) 
4 4 14 (2432 2048 5490.899902 ) (2048 2048 5490.899902 ) (2048 2048 1511.057373 ) (2432 2048 1511.057617 ) 
5 4 7 (2048 2048 1511.057617 ) (2048 2048 5490.899902 ) (2048 2999.470215 5490.899902 ) (2048 2999.470215 925.100708 ) (2048 2584.930176 925.100708 ) 
4 4 6 (2048 2584.930176 925.100708 ) (2048 2999.470215 925.100708 ) (2432 2999.470215 925.100708 ) (2432 2584.930176 925.100708 ) 
4 4 5 (2048 2584.929688 925.100708 ) (2432 2584.929688 925.100708 ) (2432 2048 1511.057373 ) (2048 2048 1511.057373 ) 
4 5 15 (2048 2048 1511.057373 ) (2048 2048 925.100708 ) (2432 2048 925.100708 ) (2432 2048 1511.057617 ) 
3 5 8 (2048 2048 925.100708 ) (2048 2048 1511.057617 ) (2048 2584.930176 925.100708 ) 
4 5 6 (2048 2048 925.100708 ) (2048 2584.930176 925.100708 ) (2432 2584.930176 925.100708 ) (2432 2048 925.100708 ) 
4 6 16 (2048 2048 925.100708 ) (2048 2048 909.090027 ) (2432 2048 909.090027 ) (2432 2048 925.100708 ) 
4 6 9 (2048 2048 909.090027 ) (2048 2048 925.100708 ) (2048 2999.470215 925.100708 ) (2048 2999.470215 909.090027 ) 
4 7 22 (2048 2048 1511.057617 ) (2048 2048 5490.899902 ) (1024 2048 5490.899902 ) (1024 2048 1511.057373 ) 
5 7 10 (1024 2048 1511.057617 ) (1024 2048 5490.899902 ) (1024 2999.470215 5490.899902 ) (1024 2999.470215 925.100708 ) (1024 2584.930176 925.100708 ) 
4 7 9 (1024 2584.930176 925.100708 ) (1024 2999.470215 925.100708 ) (2048 2999.470215 925.100708 ) (2048 2584.930176 925.100708 ) 
4 7 8 (1024 2584.929688 925.100708 ) (2048 2584.929688 925.100708 ) (2048 2048 1511.057129 ) (1024 2048 1511.057129 ) 
4 8 23 (2048 2048 925.100708 ) (2048 2048 1511.057617 ) (1024 2048 1511.057373 ) (1024 2048 925.100708 ) 
3 8 11 (1024 2048 925.100708 ) (1024 2048 1511.057617 ) (1024 2584.930176 925.100708 ) 
4 8 9 (2048 2048 925.100708 ) (1024 2048 925.100708 ) (1024 2584.930176 925.100708 ) (2048 2584.930176 925.100708 ) 
4 9 24 (2048 2048 909.090027 ) (2048 2048 925.100708 ) (1024 2048 925.100708 ) (1024 2048 909.090027 ) 
4 9 12 (1024 2048 909.090027 ) (1024 2048 925.100708 ) (1024 2999.470215 925.100708 ) (1024 2999.470215 909.090027 ) 
5 10 73 (0 2048 1511.057617 ) (0 2048 5490.899902 ) (0 2999.470215 5490.899902 ) (0 2999.470215 925.100708 ) (0 2584.930176 925.100708 ) 
4 10 25 (1024 2048 1511.057617 ) (1024 2048 5490.899902 ) (0 2048 5490.899902 ) (0 2048 1511.057373 ) 
4 10 12 (0 2584.930176 925.100708 ) (0 2999.470215 925.100708 ) (1024 2999.470215 925.100708 ) (1024 2584.930176 925.100708 ) 
4 10 11 (0 2584.929688 925.100708 ) (1024 2584.929688 925.100708 ) (1024 2048 1511.057129 ) (0 2048 1511.057129 ) 
3 11 74 (0 2048 925.100708 ) (0 2048 1511.057617 ) (0 2584.930176 925.100708 ) 
4 11 26 (1024 2048 925.100708 ) (1024 2048 1511.057617 ) (0 2048 1511.057373 ) (0 2048 925.100708 ) 
4 11 12 (1024 2048 925.100708 ) (0 2048 925.100708 ) (0 2584.930176 925.100708 ) (1024 2584.930176 925.100708 ) 
4 12 75 (0 2048 909.090027 ) (0 2048 925.100708 ) (0 2999.470215 925.100708 ) (0 2999.470215 909.090027 ) 
4 12 27 (1024 2048 909.090027 ) (1024 2048 925.100708 ) (0 2048 925.100708 ) (0 2048 909.090027 ) 
4 13 17 (3072 1024 909.090027 ) (3072 1024 5490.899902 ) (2432 1024 5490.899902 ) (2432 1024 909.090027 ) 
4 13 15 (2432 1024 925.100708 ) (2432 1024 2628.558594 ) (2432 2048 1511.057373 ) (2432 2048 925.100708 ) 
4 13 14 (2432 1024 2628.558594 ) (2432 1024 5490.899902 ) (2432 2048 5490.899902 ) (2432 2048 1511.057373 ) 
4 13 16 (2432 2048 909.090027 ) (2432 1024 909.090027 ) (2432 1024 925.100708 ) (2432 2048 925.100708 ) 
4 14 22 (2048 2048 5490.899902 ) (2048 2048 1511.057373 ) (2048 1024 2628.558594 ) (2048 1024 5490.899902 ) 
4 14 19 (2048 1024 4268.509766 ) (2048 1024 2628.558594 ) (2432 1024 2628.558594 ) (2432 1024 4268.509766 ) 
4 14 18 (2432 1024 5490.899902 ) (2048 1024 5490.899902 ) (2048 1024 4268.509766 ) (2432 1024 4268.509766 ) 
4 14 15 (2432 2048 1511.057373 ) (2432 1024 2628.558594 ) (2048 1024 2628.558594 ) (2048 2048 1511.057373 ) 
4 15 23 (2048 2048 1511.057373 ) (2048 2048 925.100708 ) (2048 1024 925.100708 ) (2048 1024 2628.558594 ) 
4 15 20 (2048 1024 2628.558594 ) (2048 1024 925.100708 ) (2432 1024 925.100708 ) (2432 1024 2628.558594 ) 
4 15 16 (2048 2048 925.100708 ) (2432 2048 925.100708 ) (2432 1024 925.100708 ) (2048 1024 925.100708 ) 
4 16 24 (2048 2048 925.100708 ) (2048 2048 909.090027 ) (2048 1024 909.090027 ) (2048 1024 925.100708 ) 
4 16 21 (2048 1024 925.100708 ) (2048 1024 909.090027 ) (2432 1024 909.090027 ) (2432 1024 925.100708 ) 
4 17 38 (3072 0 909.090027 ) (3072 0 5490.899902 ) (2432 0 5490.899902 ) (2432 0 909.090027 ) 
5 17 20 (2432 0 925.100708 ) (2432 0 3330.187012 ) (2432 207.145065 3520 ) (2432 1024 2628.558594 ) (2432 1024 925.100708 ) 
3 17 19 (2432 207.145065 3520 ) (2432 1024 4268.509766 ) (2432 1024 2628.558594 ) 
4 17 18 (2432 0 3330.187012 ) (2432 0 5490.899902 ) (2432 1024 5490.899902 ) (2432 1024 4268.509766 ) 
4 17 21 (2432 1024 909.090027 ) (2432 0 909.090027 ) (2432 0 925.100708 ) (2432 1024 925.100708 ) 
4 18 39 (2432 0 5490.899902 ) (2048 0 5490.899902 ) (2048 0 3330.187012 ) (2432 0 3330.187012 ) 
4 18 28 (2048 0 3330.187012 ) (2048 0 5490.899902 ) (2048 1024 5490.899902 ) (2048 1024 4268.509766 ) 
4 18 20 (2048 0 3330.182129 ) (2048 207.147476 3519.997559 ) (2432 207.147644 3519.997559 ) (2432 0 3330.181885 ) 
4 18 19 (2048 207.147476 3519.997559 ) (2048 1024 4268.504395 ) (2432 1024 4268.504395 ) (2432 207.147644 3519.997559 ) 
3 19 29 (2048 207.145065 3520 ) (2048 1024 4268.509766 ) (2048 1024 2628.558594 ) 
4 19 20 (2432 1024 2628.557129 ) (2432 207.142654 3520.001953 ) (2048 207.142639 3520.001953 ) (2048 1024 2628.556885 ) 
4 20 40 (2048 0 3330.187012 ) (2048 0 925.100708 ) (2432 0 925.100708 ) (2432 0 3330.187012 ) 
5 20 30 (2048 0 925.100708 ) (2048 0 3330.187012 ) (2048 207.145065 3520 ) (2048 1024 2628.558594 ) (2048 1024 925.100708 ) 
4 20 21 (2432 1024 925.100708 ) (2432 0 925.100708 ) (2048 0 925.100708 ) (2048 1024 925.100708 ) 
4 21 41 (2048 0 925.100708 ) (2048 0 909.090027 ) (2432 0 909.090027 ) (2432 0 925.100708 ) 
4 21 31 (2048 0 909.090027 ) (2048 0 925.100708 ) (2048 1024 925.100708 ) (2048 1024 909.090027 ) 
4 22 29 (2048 1024 2628.558594 ) (2048 1024 4268.509766 ) (1024 1024 4268.509766 ) (1024 1024 2628.558594 ) 
4 22 28 (2048 1024 4268.509766 ) (2048 1024 5490.899902 ) (1024 1024 5490.899902 ) (1024 1024 4268.509766 ) 
4 22 25 (1024 2048 5490.899902 ) (1024 2048 1511.057373 ) (1024 1024 2628.558594 ) (1024 1024 5490.899902 ) 
4 22 23 (1024 1024 2628.558105 ) (1024 2048 1511.057129 ) (2048 2048 1511.057129 ) (2048 1024 2628.558105 ) 
4 23 30 (2048 1024 925.100708 ) (2048 1024 2628.558594 ) (1024 1024 2628.558594 ) (1024 1024 925.100708 ) 
4 23 26 (1024 2048 1511.057373 ) (1024 2048 925.100708 ) (1024 1024 925.100708 ) (1024 1024 2628.558594 ) 
4 23 24 (2048 1024 925.100708 ) (1024 1024 925.100708 ) (1024 2048 925.100708 ) (2048 2048 925.100708 ) 
4 24 31 (2048 1024 909.090027 ) (2048 1024 925.100708 ) (1024 1024 925.100708 ) (1024 1024 909.090027 ) 
4 24 27 (1024 2048 925.100708 ) (1024 2048 909.090027 ) (1024 1024 909.090027 ) (1024 1024 925.100708 ) 
4 25 79 (0 1024 2628.558594 ) (0 1024 5490.899902 ) (0 2048 5490.899902 ) (0 2048 1511.057373 ) 
4 25 33 (1024 1024 2628.558594 ) (1024 1024 4268.509766 ) (0 1024 4268.509766 ) (0 1024 2628.558594 ) 
4 25 32 (1024 1024 4268.509766 ) (1024 1024 5490.899902 ) (0 1024 5490.899902 ) (0 1024 4268.509766 ) 
4 25 26 (0 2048 1511.057251 ) (1024 2048 1511.057251 ) (1024 1024 2628.558105 ) (0 1024 2628.558105 ) 
4 26 80 (0 1024 925.100708 ) (0 1024 2628.558594 ) (0 2048 1511.057373 ) (0 2048 925.100708 ) 
4 26 34 (1024 1024 925.100708 ) (1024 1024 2628.558594 ) (0 1024 2628.558594 ) (0 1024 925.100708 ) 
4 26 27 (1024 2048 925.100708 ) (1024 1024 925.100708 ) (0 1024 925.100708 ) (0 2048 925.100708 ) 
4 27 81 (0 1024 909.090027 ) (0 1024 925.100708 ) (0 2048 925.100708 ) (0 2048 909.090027 ) 
4 27 35 (1024 1024 909.090027 ) (1024 1024 925.100708 ) (0 1024 925.100708 ) (0 1024 909.090027 ) 
4 28 46 (2048 0 3330.187012 ) (2048 0 5490.899902 ) (1024 0 5490.899902 ) (1024 0 3330.187012 ) 
4 28 32 (1024 1024 5490.899902 ) (1024 1024 4268.509766 ) (1024 0 3330.187012 ) (1024 0 5490.899902 ) 
4 28 30 (2048 0 3330.183105 ) (1024 0 3330.183105 ) (1024 207.147049 3519.998291 ) (2048 207.147034 3519.998291 ) 
4 28 29 (1024 207.147049 3519.998291 ) (1024 1024 4268.505859 ) (2048 1024 4268.505859 ) (2048 207.147034 3519.998291 ) 
3 29 33 (1024 1024 4268.509766 ) (1024 1024 2628.558594 ) (1024 207.145065 3520 ) 
4 29 30 (1024 1024 2628.557129 ) (2048 1024 2628.557129 ) (2048 207.142639 3520.001953 ) (1024 207.142609 3520.001953 ) 
4 30 47 (2048 0 925.100708 ) (2048 0 3330.187012 ) (1024 0 3330.187012 ) (1024 0 925.100708 ) 
5 30 34 (1024 1024 2628.558594 ) (1024 1024 925.100708 ) (1024 0 925.100708 ) (1024 0 3330.187012 ) (1024 207.145065 3520 ) 
4 30 31 (1024 1024 925.100708 ) (2048 1024 925.100708 ) (2048 0 925.100708 ) (1024 0 925.100708 ) 
4 31 48 (2048 0 909.090027 ) (2048 0 925.100708 ) (1024 0 925.100708 ) (1024 0 909.090027 ) 
4 31 35 (1024 1024 925.100708 ) (1024 1024 909.090027 ) (1024 0 909.090027 ) (1024 0 925.100708 ) 
4 32 85 (0 0 3330.187012 ) (0 0 5490.899902 ) (0 1024 5490.899902 ) (0 1024 4268.509766 ) 
4 32 49 (1024 0 3330.187012 ) (1024 0 5490.899902 ) (0 0 5490.899902 ) (0 0 3330.187012 ) 
4 32 34 (1024 0 3330.183105 ) (0 0 3330.183105 ) (0 207.147049 3519.998291 ) (1024 207.147034 3519.998291 ) 
4 32 33 (0 207.147049 3519.998291 ) (0 1024 4268.505859 ) (1024 1024 4268.505859 ) (1024 207.147034 3519.998291 ) 
3 33 86 (0 207.145065 3520 ) (0 1024 4268.509766 ) (0 1024 2628.558594 ) 
4 33 34 (1024 1024 2628.557129 ) (1024 207.142609 3520.001953 ) (0 207.142578 3520.001953 ) (0 1024 2628.556885 ) 
5 34 87 (0 0 925.100708 ) (0 0 3330.187012 ) (0 207.145065 3520 ) (0 1024 2628.558594 ) (0 1024 925.100708 ) 
4 34 50 (1024 0 925.100708 ) (1024 0 3330.187012 ) (0 0 3330.187012 ) (0 0 925.100708 ) 
4 34 35 (1024 1024 925.100708 ) (1024 0 925.100708 ) (0 0 925.100708 ) (0 1024 925.100708 ) 
4 35 88 (0 0 909.090027 ) (0 0 925.100708 ) (0 1024 925.100708 ) (0 1024 909.090027 ) 
4 35 51 (1024 0 909.090027 ) (1024 0 925.100708 ) (0 0 925.100708 ) (0 0 909.090027 ) 
4 36 38 (3072 -1024 909.090027 ) (3072 -1024 5490.899902 ) (3072 0 5490.899902 ) (3072 0 909.090027 ) 
4 36 37 (3661.300293 -1024 5490.899902 ) (3072 -1024 5490.899902 ) (3072 -1024 909.090027 ) (3661.300293 -1024 909.090027 ) 
4 37 58 (3661.300293 -2048 5490.899902 ) (3072 -2048 5490.899902 ) (3072 -2048 909.090027 ) (3661.300293 -2048 909.090027 ) 
4 37 42 (3072 -2048 909.090027 ) (3072 -2048 5490.899902 ) (3072 -1024 5490.899902 ) (3072 -1024 909.090027 ) 
4 38 42 (3072 -1024 909.090027 ) (3072 -1024 5490.899902 ) (2432 -1024 5490.899902 ) (2432 -1024 909.090027 ) 
4 38 40 (2432 -1024 925.100708 ) (2432 -1024 2391.863770 ) (2432 0 3330.187012 ) (2432 0 925.100708 ) 
4 38 39 (2432 -1024 2391.863770 ) (2432 -1024 5490.899902 ) (2432 0 5490.899902 ) (2432 0 3330.187012 ) 
4 38 41 (2432 0 909.090027 ) (2432 -1024 909.090027 ) (2432 -1024 925.100708 ) (2432 0 925.100708 ) 
4 39 46 (2048 0 5490.899902 ) (2048 0 3330.187012 ) (2048 -1024 2391.863770 ) (2048 -1024 5490.899902 ) 
4 39 43 (2432 -1024 5490.899902 ) (2048 -1024 5490.899902 ) (2048 -1024 2391.863770 ) (2432 -1024 2391.863770 ) 
4 39 40 (2048 -1024 2391.859863 ) (2048 0 3330.182129 ) (2432 0 3330.181885 ) (2432 -1024 2391.859375 ) 
4 40 47 (2048 0 3330.187012 ) (2048 0 925.100708 ) (2048 -1024 925.100708 ) (2048 -1024 2391.863770 ) 
4 40 44 (2048 -1024 2391.863770 ) (2048 -1024 925.100708 ) (2432 -1024 925.100708 ) (2432 -1024 2391.863770 ) 
4 40 41 (2048 0 925.100708 ) (2432 0 925.100708 ) (2432 -1024 925.100708 ) (2048 -1024 925.100708 ) 
4 41 48 (2048 0 925.100708 ) (2048 0 909.090027 ) (2048 -1024 909.090027 ) (2048 -1024 925.100708 ) 
4 41 45 (2048 -1024 925.100708 ) (2048 -1024 909.090027 ) (2432 -1024 909.090027 ) (2432 -1024 925.100708 ) 
4 42 60 (3072 -2048 909.090027 ) (3072 -2048 5490.899902 ) (2432 -2048 5490.899902 ) (2432 -2048 909.090027 ) 
4 42 44 (2432 -2048 925.100708 ) (2432 -2048 1453.540894 ) (2432 -1024 2391.863770 ) (2432 -1024 925.100708 ) 
4 42 43 (2432 -2048 1453.540894 ) (2432 -2048 5490.899902 ) (2432 -1024 5490.899902 ) (2432 -1024 2391.863770 ) 
4 42 45 (2432 -1024 909.090027 ) (2432 -2048 909.090027 ) (2432 -2048 925.100708 ) (2432 -1024 925.100708 ) 
4 43 61 (2432 -2048 5490.899902 ) (2048 -2048 5490.899902 ) (2048 -2048 1453.540771 ) (2432 -2048 1453.540894 ) 
4 43 52 (2048 -2048 1453.540894 ) (2048 -2048 5490.899902 ) (2048 -1024 5490.899902 ) (2048 -1024 2391.863770 ) 
4 43 44 (2048 -2048 1453.536987 ) (2048 -1024 2391.859375 ) (2432 -1024 2391.859375 ) (2432 -2048 1453.537109 ) 
4 44 62 (2048 -2048 1453.540771 ) (2048 -2048 925.100708 ) (2432 -2048 925.100708 ) (2432 -2048 1453.540894 ) 
4 44 53 (2048 -2048 925.100708 ) (2048 -2048 1453.540894 ) (2048 -1024 2391.863770 ) (2048 -1024 925.100708 ) 
4 44 45 (2432 -1024 925.100708 ) (2432 -2048 925.100708 ) (2048 -2048 925.100708 ) (2048 -1024 925.100708 ) 
4 45 63 (2048 -2048 925.100708 ) (2048 -2048 909.090027 ) (2432 -2048 909.090027 ) (2432 -2048 925.100708 ) 
4 45 54 (2048 -2048 909.090027 ) (2048 -2048 925.100708 ) (2048 -1024 925.100708 ) (2048 -1024 909.090027 ) 
4 46 52 (2048 -1024 2391.863770 ) (2048 -1024 5490.899902 ) (1024 -1024 5490.899902 ) (1024 -1024 2391.863770 ) 
4 46 49 (1024 0 5490.899902 ) (1024 0 3330.187012 ) (1024 -1024 2391.863770 ) (1024 -1024 5490.899902 ) 
4 46 47 (1024 -1024 2391.860352 ) (1024 0 3330.183105 ) (2048 0 3330.183105 ) (2048 -1024 2391.860107 ) 
4 47 53 (2048 -1024 925.100708 ) (2048 -1024 2391.863770 ) (1024 -1024 2391.863770 ) (1024 -1024 925.100708 ) 
4 47 50 (1024 0 3330.187012 ) (1024 0 925.100708 ) (1024 -1024 925.100708 ) (1024 -1024 2391.863770 ) 
4 47 48 (2048 -1024 925.100708 ) (1024 -1024 925.100708 ) (1024 0 925.100708 ) (2048 0 925.100708 ) 
4 48 54 (2048 -1024 909.090027 ) (2048 -1024 925.100708 ) (1024 -1024 925.100708 ) (1024 -1024 909.090027 ) 
4 48 51 (1024 0 925.100708 ) (1024 0 909.090027 ) (1024 -1024 909.090027 ) (1024 -1024 925.100708 ) 
4 49 109 (0 -1024 2391.863770 ) (0 -1024 5490.899902 ) (0 0 5490.899902 ) (0 0 3330.187012 ) 
4 49 55 (1024 -1024 2391.863770 ) (1024 -1024 5490.899902 ) (0 -1024 5490.899902 ) (0 -1024 2391.863770 ) 
4 49 50 (1024 -1024 2391.859863 ) (0 -1024 2391.859863 ) (0 0 3330.182617 ) (1024 0 3330.182617 ) 
4 50 110 (0 -1024 925.100708 ) (0 -1024 2391.863770 ) (0 0 3330.187012 ) (0 0 925.100708 ) 
4 50 56 (1024 -1024 925.100708 ) (1024 -1024 2391.863770 ) (0 -1024 2391.863770 ) (0 -1024 925.100708 ) 
4 50 51 (1024 0 925.100708 ) (1024 -1024 925.100708 ) (0 -1024 925.100708 ) (0 0 925.100708 ) 
4 51 111 (0 -1024 909.090027 ) (0 -1024 925.100708 ) (0 0 925.100708 ) (0 0 909.090027 ) 
4 51 57 (1024 -1024 909.090027 ) (1024 -1024 925.100708 ) (0 -1024 925.100708 ) (0 -1024 909.090027 ) 
4 52 64 (2048 -2048 1453.540894 ) (2048 -2048 5490.899902 ) (1024 -2048 5490.899902 ) (1024 -2048 1453.540771 ) 
4 52 55 (1024 -1024 5490.899902 ) (1024 -1024 2391.863770 ) (1024 -2048 1453.540894 ) (1024 -2048 5490.899902 ) 
4 52 53 (2048 -2048 1453.537109 ) (1024 -2048 1453.537109 ) (1024 -1024 2391.859863 ) (2048 -1024 2391.859863 ) 
4 53 65 (2048 -2048 925.100708 ) (2048 -2048 1453.540894 ) (1024 -2048 1453.540771 ) (1024 -2048 925.100708 ) 
4 53 56 (1024 -1024 2391.863770 ) (1024 -1024 925.100708 ) (1024 -2048 925.100708 ) (1024 -2048 1453.540894 ) 
4 53 54 (1024 -1024 925.100708 ) (2048 -1024 925.100708 ) (2048 -2048 925.100708 ) (1024 -2048 925.100708 ) 
4 54 66 (2048 -2048 909.090027 ) (2048 -2048 925.100708 ) (1024 -2048 925.100708 ) (1024 -2048 909.090027 ) 
4 54 57 (1024 -1024 925.100708 ) (1024 -1024 909.090027 ) (1024 -2048 909.090027 ) (1024 -2048 925.100708 ) 
4 55 115 (0 -2048 1453.540894 ) (0 -2048 5490.899902 ) (0 -1024 5490.899902 ) (0 -1024 2391.863770 ) 
4 55 67 (0 -2048 5490.899902 ) (0 -2048 1453.540771 ) (1024 -2048 1453.540894 ) (1024 -2048 5490.899902 ) 
4 55 56 (1024 -2048 1453.537354 ) (0 -2048 1453.537354 ) (0 -1024 2391.859863 ) (1024 -1024 2391.859863 ) 
4 56 116 (0 -2048 925.100708 ) (0 -2048 1453.540894 ) (0 -1024 2391.863770 ) (0 -1024 925.100708 ) 
4 56 68 (0 -2048 1453.540771 ) (0 -2048 925.100708 ) (1024 -2048 925.100708 ) (1024 -2048 1453.540894 ) 
4 56 57 (0 -2048 925.100708 ) (0 -1024 925.100708 ) (1024 -1024 925.100708 ) (1024 -2048 925.100708 ) 
4 57 117 (0 -2048 909.090027 ) (0 -2048 925.100708 ) (0 -1024 925.100708 ) (0 -1024 909.090027 ) 
4 57 69 (0 -2048 925.100708 ) (0 -2048 909.090027 ) (1024 -2048 909.090027 ) (1024 -2048 925.100708 ) 
4 58 60 (3072 -2048 5490.899902 ) (3072 -2048 909.090027 ) (3072 -3072 909.090027 ) (3072 -3072 5490.899902 ) 
4 58 59 (3661.300293 -3072 5490.899902 ) (3072 -3072 5490.899902 ) (3072 -3072 909.090027 ) (3661.300293 -3072 909.090027 ) 
4 59 70 (3072 -3136 5490.899902 ) (3072 -3072 5490.899902 ) (3072 -3072 909.090027 ) (3072 -3136 909.090027 ) 
4 60 70 (3072 -3072 909.090027 ) (3072 -3072 5490.899902 ) (2432 -3072 5490.899902 ) (2432 -3072 909.090027 ) 
3 60 62 (2432 -2048 1453.540771 ) (2432 -2048 925.100708 ) (2432 -2624.691162 925.100708 ) 
5 60 61 (2432 -3072 925.100708 ) (2432 -3072 5490.899902 ) (2432 -2048 5490.899902 ) (2432 -2048 1453.540771 ) (2432 -2624.691162 925.100708 ) 
4 60 63 (2432 -2048 909.090027 ) (2432 -3072 909.090027 ) (2432 -3072 925.100708 ) (2432 -2048 925.100708 ) 
4 61 70 (2432 -3072 5490.899902 ) (2048 -3072 5490.899902 ) (2048 -3072 925.100708 ) (2432 -3072 925.100708 ) 
5 61 64 (2048 -2048 5490.899902 ) (2048 -2048 1453.540771 ) (2048 -2624.691162 925.100708 ) (2048 -3072 925.100708 ) (2048 -3072 5490.899902 ) 
4 61 63 (2048 -3072 925.100708 ) (2048 -2624.691162 925.100708 ) (2432 -2624.691162 925.100708 ) (2432 -3072 925.100708 ) 
4 61 62 (2432 -2624.687500 925.100708 ) (2048 -2624.687500 925.100708 ) (2048 -2048 1453.536865 ) (2432 -2048 1453.536865 ) 
3 62 65 (2048 -2048 1453.540771 ) (2048 -2048 925.100708 ) (2048 -2624.691162 925.100708 ) 
4 62 63 (2048 -2624.691162 925.100708 ) (2048 -2048 925.100708 ) (2432 -2048 925.100708 ) (2432 -2624.691162 925.100708 ) 
4 63 70 (2048 -3072 925.100708 ) (2048 -3072 909.090027 ) (2432 -3072 909.090027 ) (2432 -3072 925.100708 ) 
4 63 66 (2048 -2048 925.100708 ) (2048 -2048 909.090027 ) (2048 -3072 909.090027 ) (2048 -3072 925.100708 ) 
4 64 71 (2048 -3072 925.100708 ) (2048 -3072 5490.899902 ) (1024 -3072 5490.899902 ) (1024 -3072 925.100708 ) 
5 64 67 (1024 -3072 925.100708 ) (1024 -3072 5490.899902 ) (1024 -2048 5490.899902 ) (1024 -2048 1453.540771 ) (1024 -2624.691162 925.100708 ) 
4 64 66 (2048 -3072 925.100708 ) (1024 -3072 925.100708 ) (1024 -2624.691162 925.100708 ) (2048 -2624.691162 925.100708 ) 
4 64 65 (2048 -2624.687500 925.100708 ) (1024 -2624.687500 925.100708 ) (1024 -2048 1453.537354 ) (2048 -2048 1453.537109 ) 
3 65 68 (1024 -2048 1453.540771 ) (1024 -2048 925.100708 ) (1024 -2624.691162 925.100708 ) 
4 65 66 (1024 -2624.691162 925.100708 ) (1024 -2048 925.100708 ) (2048 -2048 925.100708 ) (2048 -2624.691162 925.100708 ) 
4 66 71 (2048 -3072 909.090027 ) (2048 -3072 925.100708 ) (1024 -3072 925.100708 ) (1024 -3072 909.090027 ) 
4 66 69 (1024 -3072 909.090027 ) (1024 -3072 925.100708 ) (1024 -2048 925.100708 ) (1024 -2048 909.090027 ) 
5 67 131 (0 -3072 925.100708 ) (0 -3072 5490.899902 ) (0 -2048 5490.899902 ) (0 -2048 1453.540771 ) (0 -2624.691162 925.100708 ) 
4 67 72 (0 -3072 5490.899902 ) (0 -3072 925.100708 ) (1024 -3072 925.100708 ) (1024 -3072 5490.899902 ) 
4 67 69 (0 -3072 925.100708 ) (0 -2624.691162 925.100708 ) (1024 -2624.691162 925.100708 ) (1024 -3072 925.100708 ) 
4 67 68 (1024 -2624.687500 925.100708 ) (0 -2624.687500 925.100708 ) (0 -2048 1453.537354 ) (1024 -2048 1453.537354 ) 
3 68 132 (0 -2048 1453.540771 ) (0 -2048 925.100708 ) (0 -2624.691162 925.100708 ) 
4 68 69 (0 -2624.691162 925.100708 ) (0 -2048 925.100708 ) (1024 -2048 925.100708 ) (1024 -2624.691162 925.100708 ) 
4 69 133 (0 -3072 909.090027 ) (0 -3072 925.100708 ) (0 -2048 925.100708 ) (0 -2048 909.090027 ) 
4 69 72 (0 -3072 925.100708 ) (0 -3072 909.090027 ) (1024 -3072 909.090027 ) (1024 -3072 925.100708 ) 
4 70 71 (2048 -3072 5490.899902 ) (2048 -3072 909.090027 ) (2048 -3136 909.090027 ) (2048 -3136 5490.899902 ) 
4 71 72 (1024 -3072 5490.899902 ) (1024 -3072 909.090027 ) (1024 -3136 909.090027 ) (1024 -3136 5490.899902 ) 
4 72 137 (0 -3136 5490.899902 ) (0 -3072 5490.899902 ) (0 -3072 909.090027 ) (0 -3136 909.090027 ) 
4 73 79 (0 2048 1511.057617 ) (0 2048 5490.899902 ) (-1024 2048 5490.899902 ) (-1024 2048 1511.057373 ) 
5 73 76 (-1024 2048 1511.057617 ) (-1024 2048 5490.899902 ) (-1024 2999.470215 5490.899902 ) (-1024 2999.470215 925.100708 ) (-1024 2584.930176 925.100708 ) 
4 73 75 (-1024 2584.930176 925.100708 ) (-1024 2999.470215 925.100708 ) (0 2999.470215 925.100708 ) (0 2584.930176 925.100708 ) 
4 73 74 (-1024 2584.929688 925.100708 ) (0 2584.929688 925.100708 ) (0 2048 1511.057129 ) (-1024 2048 1511.057129 ) 
4 74 80 (0 2048 925.100708 ) (0 2048 1511.057617 ) (-1024 2048 1511.057373 ) (-1024 2048 925.100708 ) 
3 74 77 (-1024 2048 925.100708 ) (-1024 2048 1511.057617 ) (-1024 2584.930176 925.100708 ) 
4 74 75 (0 2048 925.100708 ) (-1024 2048 925.100708 ) (-1024 2584.930176 925.100708 ) (0 2584.930176 925.100708 ) 
4 75 81 (0 2048 909.090027 ) (0 2048 925.100708 ) (-1024 2048 925.100708 ) (-1024 2048 909.090027 ) 
4 75 78 (-1024 2048 909.090027 ) (-1024 2048 925.100708 ) (-1024 2999.470215 925.100708 ) (-1024 2999.470215 909.090027 ) 
5 76 93 (-2048 2048 1511.057617 ) (-2048 2048 5490.899902 ) (-2048 2999.470215 5490.899902 ) (-2048 2999.470215 925.100708 ) (-2048 2584.930176 925.100708 ) 
4 76 82 (-1024 2048 1511.057617 ) (-1024 2048 5490.899902 ) (-2048 2048 5490.899902 ) (-2048 2048 1511.057373 ) 
4 76 78 (-2048 2584.930176 925.100708 ) (-2048 2999.470215 925.100708 ) (-1024 2999.470215 925.100708 ) (-1024 2584.930176 925.100708 ) 
4 76 77 (-2048 2584.929688 925.100708 ) (-1024 2584.929688 925.100708 ) (-1024 2048 1511.057129 ) (-2048 2048 1511.057129 ) 
3 77 94 (-2048 2048 925.100708 ) (-2048 2048 1511.057617 ) (-2048 2584.930176 925.100708 ) 
4 77 83 (-1024 2048 925.100708 ) (-1024 2048 1511.057617 ) (-2048 2048 1511.057373 ) (-2048 2048 925.100708 ) 
4 77 78 (-1024 2048 925.100708 ) (-2048 2048 925.100708 ) (-2048 2584.930176 925.100708 ) (-1024 2584.930176 925.100708 ) 
4 78 95 (-2048 2048 909.090027 ) (-2048 2048 925.100708 ) (-2048 2999.470215 925.100708 ) (-2048 2999.470215 909.090027 ) 
4 78 84 (-1024 2048 909.090027 ) (-1024 2048 925.100708 ) (-2048 2048 925.100708 ) (-2048 2048 909.090027 ) 
4 79 86 (0 1024 2628.558594 ) (0 1024 4268.509766 ) (-1024 1024 4268.509766 ) (-1024 1024 2628.558594 ) 
4 79 85 (0 1024 4268.509766 ) (0 1024 5490.899902 ) (-1024 1024 5490.899902 ) (-1024 1024 4268.509766 ) 
4 79 82 (-1024 1024 2628.558594 ) (-1024 1024 5490.899902 ) (-1024 2048 5490.899902 ) (-1024 2048 1511.057373 ) 
4 79 80 (0 2048 1511.057129 ) (0 1024 2628.558105 ) (-1024 1024 2628.558105 ) (-1024 2048 1511.057129 ) 
4 80 87 (0 1024 925.100708 ) (0 1024 2628.558594 ) (-1024 1024 2628.558594 ) (-1024 1024 925.100708 ) 
4 80 83 (-1024 1024 925.100708 ) (-1024 1024 2628.558594 ) (-1024 2048 1511.057373 ) (-1024 2048 925.100708 ) 
4 80 81 (0 1024 925.100708 ) (-1024 1024 925.100708 ) (-1024 2048 925.100708 ) (0 2048 925.100708 ) 
4 81 88 (0 1024 909.090027 ) (0 1024 925.100708 ) (-1024 1024 925.100708 ) (-1024 1024 909.090027 ) 
4 81 84 (-1024 1024 909.090027 ) (-1024 1024 925.100708 ) (-1024 2048 925.100708 ) (-1024 2048 909.090027 ) 
4 82 98 (-2048 1024 2628.558594 ) (-2048 1024 5490.899902 ) (-2048 2048 5490.899902 ) (-2048 2048 1511.057373 ) 
4 82 90 (-2048 1024 4268.509766 ) (-2048 1024 2628.558594 ) (-1024 1024 2628.558594 ) (-1024 1024 4268.509766 ) 
4 82 89 (-2048 1024 5490.899902 ) (-2048 1024 4268.509766 ) (-1024 1024 4268.509766 ) (-1024 1024 5490.899902 ) 
4 82 83 (-1024 1024 2628.558105 ) (-2048 1024 2628.558105 ) (-2048 2048 1511.057129 ) (-1024 2048 1511.057129 ) 
4 83 99 (-2048 1024 925.100708 ) (-2048 1024 2628.558594 ) (-2048 2048 1511.057373 ) (-2048 2048 925.100708 ) 
4 83 91 (-2048 1024 2628.558594 ) (-2048 1024 925.100708 ) (-1024 1024 925.100708 ) (-1024 1024 2628.558594 ) 
4 83 84 (-2048 2048 925.100708 ) (-1024 2048 925.100708 ) (-1024 1024 925.100708 ) (-2048 1024 925.100708 ) 
4 84 100 (-2048 1024 909.090027 ) (-2048 1024 925.100708 ) (-2048 2048 925.100708 ) (-2048 2048 909.090027 ) 
4 84 92 (-2048 1024 925.100708 ) (-2048 1024 909.090027 ) (-1024 1024 909.090027 ) (-1024 1024 925.100708 ) 
4 85 109 (0 0 3330.187012 ) (0 0 5490.899902 ) (-1024 0 5490.899902 ) (-1024 0 3330.187012 ) 
4 85 89 (-1024 1024 5490.899902 ) (-1024 1024 4268.509766 ) (-1024 0 3330.187012 ) (-1024 0 5490.899902 ) 
4 85 87 (0 0 3330.183105 ) (-1024 0 3330.183105 ) (-1024 207.147049 3519.998291 ) (0 207.147034 3519.998291 ) 
4 85 86 (-1024 207.147049 3519.998291 ) (-1024 1024 4268.505859 ) (0 1024 4268.505859 ) (0 207.147034 3519.998291 ) 
3 86 90 (-1024 1024 4268.509766 ) (-1024 1024 2628.558594 ) (-1024 207.145065 3520 ) 
4 86 87 (-1024 1024 2628.557129 ) (0 1024 2628.557129 ) (0 207.142578 3520.001953 ) (-1024 207.142548 3520.001953 ) 
4 87 110 (0 0 925.100708 ) (0 0 3330.187012 ) (-1024 0 3330.187012 ) (-1024 0 925.100708 ) 
5 87 91 (-1024 1024 2628.558594 ) (-1024 1024 925.100708 ) (-1024 0 925.100708 ) (-1024 0 3330.187012 ) (-1024 207.145065 3520 ) 
4 87 88 (-1024 1024 925.100708 ) (0 1024 925.100708 ) (0 0 925.100708 ) (-1024 0 925.100708 ) 
4 88 111 (0 0 909.090027 ) (0 0 925.100708 ) (-1024 0 925.100708 ) (-1024 0 909.090027 ) 
4 88 92 (-1024 1024 925.100708 ) (-1024 1024 909.090027 ) (-1024 0 909.090027 ) (-1024 0 925.100708 ) 
4 89 112 (-1024 0 3330.187012 ) (-1024 0 5490.899902 ) (-2048 0 5490.899902 ) (-2048 0 3330.187012 ) 
4 89 102 (-2048 0 3330.187012 ) (-2048 0 5490.899902 ) (-2048 1024 5490.899902 ) (-2048 1024 4268.509766 ) 
4 89 91 (-1024 0 3330.182861 ) (-2048 0 3330.182861 ) (-2048 207.147049 3519.998047 ) (-1024 207.147034 3519.998047 ) 
4 89 90 (-2048 207.147049 3519.998047 ) (-2048 1024 4268.505859 ) (-1024 1024 4268.505859 ) (-1024 207.147034 3519.998047 ) 
3 90 103 (-2048 207.145065 3520 ) (-2048 1024 4268.509766 ) (-2048 1024 2628.558594 ) 
4 90 91 (-1024 1024 2628.557129 ) (-1024 207.142548 3520.001953 ) (-2048 207.142517 3520.001953 ) (-2048 1024 2628.556885 ) 
4 91 113 (-1024 0 925.100708 ) (-1024 0 3330.187012 ) (-2048 0 3330.187012 ) (-2048 0 925.100708 ) 
5 91 104 (-2048 0 925.100708 ) (-2048 0 3330.187012 ) (-2048 207.145065 3520 ) (-2048 1024 2628.558594 ) (-2048 1024 925.100708 ) 
4 91 92 (-2048 0 925.100708 ) (-2048 1024 925.100708 ) (-1024 1024 925.100708 ) (-1024 0 925.100708 ) 
4 92 114 (-1024 0 909.090027 ) (-1024 0 925.100708 ) (-2048 0 925.100708 ) (-2048 0 909.090027 ) 
4 92 105 (-2048 0 909.090027 ) (-2048 0 925.100708 ) (-2048 1024 925.100708 ) (-2048 1024 909.090027 ) 
4 93 98 (-2048 2048 1511.057617 ) (-2048 2048 5490.899902 ) (-2176 2048 5490.899902 ) (-2176 2048 1511.057373 ) 
4 93 95 (-2176 2584.930176 925.100708 ) (-2176 2999.470215 925.100708 ) (-2048 2999.470215 925.100708 ) (-2048 2584.930176 925.100708 ) 
5 93 96 (-2176 2999.470215 5490.899902 ) (-2176 2999.470215 925.100708 ) (-2176 2584.930176 925.100708 ) (-2176 2048 1511.057617 ) (-2176 2048 5490.899902 ) 
4 93 94 (-2176 2048 1511.057129 ) (-2176 2584.929688 925.100708 ) (-2048 2584.929688 925.100708 ) (-2048 2048 1511.057129 ) 
4 94 99 (-2048 2048 925.100708 ) (-2048 2048 1511.057617 ) (-2176 2048 1511.057373 ) (-2176 2048 925.100708 ) 
4 94 95 (-2176 2048 925.100708 ) (-2176 2584.930176 925.100708 ) (-2048 2584.930176 925.100708 ) (-2048 2048 925.100708 ) 
3 94 96 (-2176 2584.930176 925.100708 ) (-2176 2048 925.100708 ) (-2176 2048 1511.057617 ) 
4 95 100 (-2048 2048 909.090027 ) (-2048 2048 925.100708 ) (-2176 2048 925.100708 ) (-2176 2048 909.090027 ) 
4 95 96 (-2176 2999.470215 925.100708 ) (-2176 2999.470215 909.090027 ) (-2176 2048 909.090027 ) (-2176 2048 925.100708 ) 
4 96 101 (-2176 2048 5490.899902 ) (-3072 2048 5490.899902 ) (-3072 2048 909.090027 ) (-2176 2048 909.090027 ) 
4 96 97 (-3072 2048 909.090027 ) (-3072 2048 5490.899902 ) (-3072 2999.470215 5490.899902 ) (-3072 2999.470215 909.090027 ) 
4 97 107 (-3072 2048 909.090027 ) (-3072 2048 5490.899902 ) (-3563.169922 2048 5490.899902 ) (-3563.169922 2048 909.090027 ) 
4 98 103 (-2048 1024 2628.558594 ) (-2048 1024 4268.509766 ) (-2176 1024 4268.509766 ) (-2176 1024 2628.558594 ) 
4 98 102 (-2048 1024 4268.509766 ) (-2048 1024 5490.899902 ) (-2176 1024 5490.899902 ) (-2176 1024 4268.509766 ) 
4 98 101 (-2176 1024 2628.558594 ) (-2176 1024 5490.899902 ) (-2176 2048 5490.899902 ) (-2176 2048 1511.057373 ) 
4 98 99 (-2176 1024 2628.557861 ) (-2176 2048 1511.057129 ) (-2048 2048 1511.057129 ) (-2048 1024 2628.557617 ) 
4 99 104 (-2048 1024 925.100708 ) (-2048 1024 2628.558594 ) (-2176 1024 2628.558594 ) (-2176 1024 925.100708 ) 
4 99 100 (-2048 1024 925.100708 ) (-2176 1024 925.100708 ) (-2176 2048 925.100708 ) (-2048 2048 925.100708 ) 
4 99 101 (-2176 1024 925.100708 ) (-2176 1024 2628.558594 ) (-2176 2048 1511.057373 ) (-2176 2048 925.100708 ) 
4 100 105 (-2048 1024 909.090027 ) (-2048 1024 925.100708 ) (-2176 1024 925.100708 ) (-2176 1024 909.090027 ) 
4 100 101 (-2176 2048 909.090027 ) (-2176 1024 909.090027 ) (-2176 1024 925.100708 ) (-2176 2048 925.100708 ) 
4 101 107 (-3072 2048 5490.899902 ) (-3072 2048 909.090027 ) (-3072 1024 909.090027 ) (-3072 1024 5490.899902 ) 
4 101 106 (-2176 1024 5490.899902 ) (-3072 1024 5490.899902 ) (-3072 1024 909.090027 ) (-2176 1024 909.090027 ) 
4 102 121 (-2048 0 3330.187012 ) (-2048 0 5490.899902 ) (-2176 0 5490.899902 ) (-2176 0 3330.187012 ) 
4 102 104 (-2048 0 3330.183594 ) (-2176 0 3330.183594 ) (-2176 207.146652 3519.998535 ) (-2048 207.146667 3519.998535 ) 
4 102 103 (-2176 207.146652 3519.998535 ) (-2176 1024 4268.506836 ) (-2048 1024 4268.506836 ) (-2048 207.146667 3519.998535 ) 
4 102 106 (-2176 0 3330.187012 ) (-2176 0 5490.899902 ) (-2176 1024 5490.899902 ) (-2176 1024 4268.509766 ) 
3 103 106 (-2176 207.145065 3520 ) (-2176 1024 4268.509766 ) (-2176 1024 2628.558594 ) 
4 103 104 (-2048 1024 2628.557129 ) (-2048 207.142517 3520.001953 ) (-2176 207.142517 3520.001953 ) (-2176 1024 2628.556885 ) 
4 104 122 (-2048 0 925.100708 ) (-2048 0 3330.187012 ) (-2176 0 3330.187012 ) (-2176 0 925.100708 ) 
5 104 106 (-2176 0 925.100708 ) (-2176 0 3330.187012 ) (-2176 207.145065 3520 ) (-2176 1024 2628.558594 ) (-2176 1024 925.100708 ) 
4 104 105 (-2176 0 925.100708 ) (-2176 1024 925.100708 ) (-2048 1024 925.100708 ) (-2048 0 925.100708 ) 
4 105 123 (-2048 0 909.090027 ) (-2048 0 925.100708 ) (-2176 0 925.100708 ) (-2176 0 909.090027 ) 
4 105 106 (-2176 1024 909.090027 ) (-2176 0 909.090027 ) (-2176 0 925.100708 ) (-2176 1024 925.100708 ) 
4 106 124 (-2176 0 5490.899902 ) (-3072 0 5490.899902 ) (-3072 0 909.090027 ) (-2176 0 909.090027 ) 
4 106 108 (-3072 0 909.090027 ) (-3072 0 5490.899902 ) (-3072 1024 5490.899902 ) (-3072 1024 909.090027 ) 
4 107 108 (-3072 1024 909.090027 ) (-3072 1024 5490.899902 ) (-3563.169922 1024 5490.899902 ) (-3563.169922 1024 909.090027 ) 
4 108 129 (-3072 0 909.090027 ) (-3072 0 5490.899902 ) (-3563.169922 0 5490.899902 ) (-3563.169922 0 909.090027 ) 
4 109 115 (0 -1024 2391.863770 ) (0 -1024 5490.899902 ) (-1024 -1024 5490.899902 ) (-1024 -1024 2391.863770 ) 
4 109 112 (-1024 -1024 2391.863770 ) (-1024 -1024 5490.899902 ) (-1024 0 5490.899902 ) (-1024 0 3330.187012 ) 
4 109 110 (-1024 -1024 2391.860352 ) (-1024 0 3330.183105 ) (0 0 3330.182617 ) (0 -1024 2391.859863 ) 
4 110 116 (0 -1024 925.100708 ) (0 -1024 2391.863770 ) (-1024 -1024 2391.863770 ) (-1024 -1024 925.100708 ) 
4 110 113 (-1024 -1024 925.100708 ) (-1024 -1024 2391.863770 ) (-1024 0 3330.187012 ) (-1024 0 925.100708 ) 
4 110 111 (0 -1024 925.100708 ) (-1024 -1024 925.100708 ) (-1024 0 925.100708 ) (0 0 925.100708 ) 
4 111 117 (0 -1024 909.090027 ) (0 -1024 925.100708 ) (-1024 -1024 925.100708 ) (-1024 -1024 909.090027 ) 
4 111 114 (-1024 -1024 909.090027 ) (-1024 -1024 925.100708 ) (-1024 0 925.100708 ) (-1024 0 909.090027 ) 
4 112 121 (-2048 -1024 2391.863770 ) (-2048 -1024 5490.899902 ) (-2048 0 5490.899902 ) (-2048 0 3330.187012 ) 
4 112 118 (-1024 -1024 2391.863770 ) (-1024 -1024 5490.899902 ) (-2048 -1024 5490.899902 ) (-2048 -1024 2391.863770 ) 
4 112 113 (-1024 -1024 2391.860352 ) (-2048 -1024 2391.860352 ) (-2048 0 3330.183105 ) (-1024 0 3330.183105 ) 
4 113 122 (-2048 -1024 925.100708 ) (-2048 -1024 2391.863770 ) (-2048 0 3330.187012 ) (-2048 0 925.100708 ) 
4 113 119 (-1024 -1024 925.100708 ) (-1024 -1024 2391.863770 ) (-2048 -1024 2391.863770 ) (-2048 -1024 925.100708 ) 
4 113 114 (-2048 0 925.100708 ) (-1024 0 925.100708 ) (-1024 -1024 925.100708 ) (-2048 -1024 925.100708 ) 
4 114 123 (-2048 -1024 909.090027 ) (-2048 -1024 925.100708 ) (-2048 0 925.100708 ) (-2048 0 909.090027 ) 
4 114 120 (-1024 -1024 909.090027 ) (-1024 -1024 925.100708 ) (-2048 -1024 925.100708 ) (-2048 -1024 909.090027 ) 
4 115 131 (0 -2048 1453.540894 ) (0 -2048 5490.899902 ) (-1024 -2048 5490.899902 ) (-1024 -2048 1453.540771 ) 
4 115 118 (-1024 -1024 5490.899902 ) (-1024 -1024 2391.863770 ) (-1024 -2048 1453.540894 ) (-1024 -2048 5490.899902 ) 
4 115 116 (-1024 -2048 1453.537109 ) (-1024 -1024 2391.859863 ) (0 -1024 2391.859863 ) (0 -2048 1453.537231 ) 
4 116 132 (0 -2048 925.100708 ) (0 -2048 1453.540894 ) (-1024 -2048 1453.540771 ) (-1024 -2048 925.100708 ) 
4 116 119 (-1024 -1024 2391.863770 ) (-1024 -1024 925.100708 ) (-1024 -2048 925.100708 ) (-1024 -2048 1453.540894 ) 
4 116 117 (0 -2048 925.100708 ) (-1024 -2048 925.100708 ) (-1024 -1024 925.100708 ) (0 -1024 925.100708 ) 
4 117 133 (0 -2048 909.090027 ) (0 -2048 925.100708 ) (-1024 -2048 925.100708 ) (-1024 -2048 909.090027 ) 
4 117 120 (-1024 -1024 925.100708 ) (-1024 -1024 909.090027 ) (-1024 -2048 909.090027 ) (-1024 -2048 925.100708 ) 
4 118 134 (-1024 -2048 1453.540894 ) (-1024 -2048 5490.899902 ) (-2048 -2048 5490.899902 ) (-2048 -2048 1453.540771 ) 
4 118 125 (-2048 -2048 1453.540894 ) (-2048 -2048 5490.899902 ) (-2048 -1024 5490.899902 ) (-2048 -1024 2391.863770 ) 
4 118 119 (-1024 -2048 1453.537354 ) (-2048 -2048 1453.537354 ) (-2048 -1024 2391.860107 ) (-1024 -1024 2391.860107 ) 
4 119 135 (-1024 -2048 925.100708 ) (-1024 -2048 1453.540894 ) (-2048 -2048 1453.540771 ) (-2048 -2048 925.100708 ) 
4 119 126 (-2048 -2048 925.100708 ) (-2048 -2048 1453.540894 ) (-2048 -1024 2391.863770 ) (-2048 -1024 925.100708 ) 
4 119 120 (-1024 -1024 925.100708 ) (-1024 -2048 925.100708 ) (-2048 -2048 925.100708 ) (-2048 -1024 925.100708 ) 
4 120 136 (-1024 -2048 909.090027 ) (-1024 -2048 925.100708 ) (-2048 -2048 925.100708 ) (-2048 -2048 909.090027 ) 
4 120 127 (-2048 -2048 909.090027 ) (-2048 -2048 925.100708 ) (-2048 -1024 925.100708 ) (-2048 -1024 909.090027 ) 
4 121 125 (-2048 -1024 2391.863770 ) (-2048 -1024 5490.899902 ) (-2176 -1024 5490.899902 ) (-2176 -1024 2391.863770 ) 
4 121 124 (-2176 -1024 2391.863770 ) (-2176 -1024 5490.899902 ) (-2176 0 5490.899902 ) (-2176 0 3330.187012 ) 
4 121 122 (-2176 -1024 2391.860596 ) (-2176 0 3330.183594 ) (-2048 0 3330.183594 ) (-2048 -1024 2391.860352 ) 
4 122 126 (-2048 -1024 925.100708 ) (-2048 -1024 2391.863770 ) (-2176 -1024 2391.863770 ) (-2176 -1024 925.100708 ) 
4 122 123 (-2048 -1024 925.100708 ) (-2176 -1024 925.100708 ) (-2176 0 925.100708 ) (-2048 0 925.100708 ) 
4 122 124 (-2176 -1024 925.100708 ) (-2176 -1024 2391.863770 ) (-2176 0 3330.187012 ) (-2176 0 925.100708 ) 
4 123 127 (-2048 -1024 909.090027 ) (-2048 -1024 925.100708 ) (-2176 -1024 925.100708 ) (-2176 -1024 909.090027 ) 
4 123 124 (-2176 0 909.090027 ) (-2176 -1024 909.090027 ) (-2176 -1024 925.100708 ) (-2176 0 925.100708 ) 
4 124 129 (-3072 0 5490.899902 ) (-3072 0 909.090027 ) (-3072 -1024 909.090027 ) (-3072 -1024 5490.899902 ) 
4 124 128 (-2176 -1024 5490.899902 ) (-3072 -1024 5490.899902 ) (-3072 -1024 909.090027 ) (-2176 -1024 909.090027 ) 
4 125 139 (-2048 -2048 1453.540894 ) (-2048 -2048 5490.899902 ) (-2176 -2048 5490.899902 ) (-2176 -2048 1453.540771 ) 
4 125 128 (-2176 -2048 1453.540894 ) (-2176 -2048 5490.899902 ) (-2176 -1024 5490.899902 ) (-2176 -1024 2391.863770 ) 
4 125 126 (-2176 -2048 1453.537476 ) (-2176 -1024 2391.860596 ) (-2048 -1024 2391.860596 ) (-2048 -2048 1453.537476 ) 
4 126 140 (-2048 -2048 925.100708 ) (-2048 -2048 1453.540894 ) (-2176 -2048 1453.540771 ) (-2176 -2048 925.100708 ) 
4 126 127 (-2048 -2048 925.100708 ) (-2176 -2048 925.100708 ) (-2176 -1024 925.100708 ) (-2048 -1024 925.100708 ) 
4 126 128 (-2176 -2048 925.100708 ) (-2176 -2048 1453.540894 ) (-2176 -1024 2391.863770 ) (-2176 -1024 925.100708 ) 
4 127 141 (-2048 -2048 909.090027 ) (-2048 -2048 925.100708 ) (-2176 -2048 925.100708 ) (-2176 -2048 909.090027 ) 
4 127 128 (-2176 -1024 909.090027 ) (-2176 -2048 909.090027 ) (-2176 -2048 925.100708 ) (-2176 -1024 925.100708 ) 
4 128 142 (-2176 -2048 5490.899902 ) (-3072 -2048 5490.899902 ) (-3072 -2048 909.090027 ) (-2176 -2048 909.090027 ) 
4 128 130 (-3072 -2048 909.090027 ) (-3072 -2048 5490.899902 ) (-3072 -1024 5490.899902 ) (-3072 -1024 909.090027 ) 
4 129 130 (-3072 -1024 909.090027 ) (-3072 -1024 5490.899902 ) (-3563.169922 -1024 5490.899902 ) (-3563.169922 -1024 909.090027 ) 
4 130 143 (-3072 -2048 909.090027 ) (-3072 -2048 5490.899902 ) (-3563.169922 -2048 5490.899902 ) (-3563.169922 -2048 909.090027 ) 
4 131 137 (0 -3072 925.100708 ) (0 -3072 5490.899902 ) (-1024 -3072 5490.899902 ) (-1024 -3072 925.100708 ) 
5 131 134 (-1024 -2048 5490.899902 ) (-1024 -2048 1453.540771 ) (-1024 -2624.691162 925.100708 ) (-1024 -3072 925.100708 ) (-1024 -3072 5490.899902 ) 
4 131 133 (0 -3072 925.100708 ) (-1024 -3072 925.100708 ) (-1024 -2624.691162 925.100708 ) (0 -2624.691162 925.100708 ) 
4 131 132 (0 -2624.687500 925.100708 ) (-1024 -2624.687500 925.100708 ) (-1024 -2048 1453.537354 ) (0 -2048 1453.537354 ) 
3 132 135 (-1024 -2048 1453.540771 ) (-1024 -2048 925.100708 ) (-1024 -2624.691162 925.100708 ) 
4 132 133 (-1024 -2624.691162 925.100708 ) (-1024 -2048 925.100708 ) (0 -2048 925.100708 ) (0 -2624.691162 925.100708 ) 
4 133 137 (0 -3072 909.090027 ) (0 -3072 925.100708 ) (-1024 -3072 925.100708 ) (-1024 -3072 909.090027 ) 
4 133 136 (-1024 -2048 925.100708 ) (-1024 -2048 909.090027 ) (-1024 -3072 909.090027 ) (-1024 -3072 925.100708 ) 
5 134 139 (-2048 -2048 5490.899902 ) (-2048 -2048 1453.540771 ) (-2048 -2624.691162 925.100708 ) (-2048 -3072 925.100708 ) (-2048 -3072 5490.899902 ) 
4 134 138 (-1024 -3072 925.100708 ) (-1024 -3072 5490.899902 ) (-2048 -3072 5490.899902 ) (-2048 -3072 925.100708 ) 
4 134 136 (-1024 -2624.691162 925.100708 ) (-1024 -3072 925.100708 ) (-2048 -3072 925.100708 ) (-2048 -2624.691162 925.100708 ) 
4 134 135 (-1024 -2624.687500 925.100708 ) (-2048 -2624.687500 925.100708 ) (-2048 -2048 1453.537354 ) (-1024 -2048 1453.537354 ) 
3 135 140 (-2048 -2048 1453.540771 ) (-2048 -2048 925.100708 ) (-2048 -2624.691162 925.100708 ) 
4 135 136 (-2048 -2048 925.100708 ) (-1024 -2048 925.100708 ) (-1024 -2624.691162 925.100708 ) (-2048 -2624.691162 925.100708 ) 
4 136 141 (-2048 -2048 925.100708 ) (-2048 -2048 909.090027 ) (-2048 -3072 909.090027 ) (-2048 -3072 925.100708 ) 
4 136 138 (-1024 -3072 909.090027 ) (-1024 -3072 925.100708 ) (-2048 -3072 925.100708 ) (-2048 -3072 909.090027 ) 
4 137 138 (-1024 -3136 5490.899902 ) (-1024 -3072 5490.899902 ) (-1024 -3072 909.090027 ) (-1024 -3136 909.090027 ) 
4 138 144 (-2048 -3136 5490.899902 ) (-2048 -3072 5490.899902 ) (-2048 -3072 909.090027 ) (-2048 -3136 909.090027 ) 
4 139 144 (-2048 -3072 925.100708 ) (-2048 -3072 5490.899902 ) (-2176 -3072 5490.899902 ) (-2176 -3072 925.100708 ) 
4 139 141 (-2176 -3072 925.100708 ) (-2176 -2624.691162 925.100708 ) (-2048 -2624.691162 925.100708 ) (-2048 -3072 925.100708 ) 
5 139 142 (-2176 -3072 925.100708 ) (-2176 -3072 5490.899902 ) (-2176 -2048 5490.899902 ) (-2176 -2048 1453.540771 ) (-2176 -2624.691162 925.100708 ) 
4 139 140 (-2048 -2624.687500 925.100708 ) (-2176 -2624.687500 925.100708 ) (-2176 -2048 1453.537354 ) (-2048 -2048 1453.537109 ) 
4 140 141 (-2176 -2624.691162 925.100708 ) (-2176 -2048 925.100708 ) (-2048 -2048 925.100708 ) (-2048 -2624.691162 925.100708 ) 
3 140 142 (-2176 -2048 1453.540771 ) (-2176 -2048 925.100708 ) (-2176 -2624.691162 925.100708 ) 
4 141 144 (-2048 -3072 909.090027 ) (-2048 -3072 925.100708 ) (-2176 -3072 925.100708 ) (-2176 -3072 909.090027 ) 
4 141 142 (-2176 -2048 909.090027 ) (-2176 -3072 909.090027 ) (-2176 -3072 925.100708 ) (-2176 -2048 925.100708 ) 
4 142 144 (-2176 -3072 5490.899902 ) (-3072 -3072 5490.899902 ) (-3072 -3072 909.090027 ) (-2176 -3072 909.090027 ) 
4 142 143 (-3072 -2048 5490.899902 ) (-3072 -2048 909.090027 ) (-3072 -3072 909.090027 ) (-3072 -3072 5490.899902 ) 
4 143 145 (-3072 -3072 909.090027 ) (-3072 -3072 5490.899902 ) (-3563.169922 -3072 5490.899902 ) (-3563.169922 -3072 909.090027 ) 
4 144 145 (-3072 -3072 5490.899902 ) (-3072 -3072 909.090027 ) (-3072 -3136 909.090027 ) (-3072 -3136 5490.899902 ) 
